#
# There is insufficient memory for the Java Runtime Environment to continue.
# Native memory allocation (malloc) failed to allocate 61088 bytes for Chunk::new
# Possible reasons:
#   The system is out of physical RAM or swap space
#   The process is running with CompressedOops enabled, and the Java Heap may be blocking the growth of the native heap
# Possible solutions:
#   Reduce memory load on the system
#   Increase physical memory or swap space
#   Check if swap backing store is full
#   Decrease Java heap size (-Xmx/-Xms)
#   Decrease number of Java threads
#   Decrease Java thread stack sizes (-Xss)
#   Set larger code cache with -XX:ReservedCodeCacheSize=
#   JVM is running with Unscaled Compressed Oops mode in which the Java heap is
#     placed in the first 4GB address space. The Java Heap base address is the
#     maximum limit for the native heap growth. Please use -XX:HeapBaseMinAddress
#     to set the Java Heap base and to place the Java Heap above 4GB virtual address.
# This output file may be truncated or incomplete.
#
#  Out of Memory Error (arena.cpp:189), pid=21196, tid=1220
#
# JRE version: OpenJDK Runtime Environment Temurin-17.0.1+12 (17.0.1+12) (build 17.0.1+12)
# Java VM: OpenJDK 64-Bit Server VM Temurin-17.0.1+12 (17.0.1+12, mixed mode, tiered, compressed oops, compressed class ptrs, parallel gc, windows-amd64)
# No core dump will be written. Minidumps are not enabled by default on client versions of Windows
#

---------------  S U M M A R Y ------------

Command Line: --add-modules=ALL-SYSTEM --add-opens=java.base/java.util=ALL-UNNAMED --add-opens=java.base/java.lang=ALL-UNNAMED --add-opens=java.base/sun.nio.fs=ALL-UNNAMED -Declipse.application=org.eclipse.jdt.ls.core.id1 -Dosgi.bundles.defaultStartLevel=4 -Declipse.product=org.eclipse.jdt.ls.core.product -Djava.import.generatesMetadataFilesAtProjectRoot=false -Dfile.encoding=utf8 -DwatchParentProcess=false -XX:+UseParallelGC -XX:GCTimeRatio=4 -XX:AdaptiveSizePolicyWeight=90 -Dsun.zip.disableMemoryMapping=true -Xmx1G -Xms100m -javaagent:c:\Users\erosg\.vscode\extensions\gabrielbb.vscode-lombok-1.0.1\server\lombok.jar c:\Users\erosg\.vscode\extensions\redhat.java-1.3.0\server\plugins\org.eclipse.equinox.launcher_1.6.400.v20210924-0641.jar -configuration c:\Users\erosg\AppData\Roaming\Code\User\globalStorage\redhat.java\1.3.0\config_ss_win -data c:\Users\erosg\AppData\Roaming\Code\User\workspaceStorage\f3a2a6303255aa17c9f66030785b2c36\redhat.java\ss_ws

Host: Intel(R) Core(TM) i7-8750H CPU @ 2.20GHz, 12 cores, 15G,  Windows 10 , 64 bit Build 19041 (10.0.19041.1503)
Time: Sun Feb 20 00:43:41 2022 Hora estándar romance elapsed time: 0.863651 seconds (0d 0h 0m 0s)

---------------  T H R E A D  ---------------

Current thread (0x00000139a15ce4e0):  JavaThread "C2 CompilerThread0" daemon [_thread_in_native, id=1220, stack(0x0000001797b00000,0x0000001797c00000)]


Current CompileTask:
C2:    863  326       4       java.lang.AbstractStringBuilder::append (77 bytes)

Stack: [0x0000001797b00000,0x0000001797c00000]
Native frames: (J=compiled Java code, j=interpreted, Vv=VM code, C=native code)
V  [jvm.dll+0x6744da]
V  [jvm.dll+0x82e144]
V  [jvm.dll+0x82f8ee]
V  [jvm.dll+0x82ff53]
V  [jvm.dll+0x245175]
V  [jvm.dll+0xab85b]
V  [jvm.dll+0xabdec]
V  [jvm.dll+0x362f07]
V  [jvm.dll+0x32d4c1]
V  [jvm.dll+0x32c96a]
V  [jvm.dll+0x218031]
V  [jvm.dll+0x217451]
V  [jvm.dll+0x1a355d]
V  [jvm.dll+0x226e38]
V  [jvm.dll+0x224f7c]
V  [jvm.dll+0x7e3f5b]
V  [jvm.dll+0x7de51a]
V  [jvm.dll+0x673305]
C  [ucrtbase.dll+0x21bb2]
C  [KERNEL32.DLL+0x17034]
C  [ntdll.dll+0x52651]


---------------  P R O C E S S  ---------------

Threads class SMR info:
_java_thread_list=0x00000139a3575b80, length=13, elements={
0x000001398d749380, 0x00000139a15c65d0, 0x00000139a15c7af0, 0x00000139a15c80f0,
0x00000139a15c8e70, 0x00000139a15c9ad0, 0x00000139a15cace0, 0x00000139a15ce4e0,
0x00000139a32a2f30, 0x00000139a32f2ef0, 0x000001398d807fd0, 0x00000139a342d7d0,
0x00000139a360e7e0
}

Java Threads: ( => current thread )
  0x000001398d749380 JavaThread "main" [_thread_in_vm, id=23012, stack(0x0000001797200000,0x0000001797300000)]
  0x00000139a15c65d0 JavaThread "Reference Handler" daemon [_thread_blocked, id=7400, stack(0x0000001797500000,0x0000001797600000)]
  0x00000139a15c7af0 JavaThread "Finalizer" daemon [_thread_blocked, id=15612, stack(0x0000001797600000,0x0000001797700000)]
  0x00000139a15c80f0 JavaThread "Signal Dispatcher" daemon [_thread_blocked, id=844, stack(0x0000001797700000,0x0000001797800000)]
  0x00000139a15c8e70 JavaThread "Attach Listener" daemon [_thread_blocked, id=17996, stack(0x0000001797800000,0x0000001797900000)]
  0x00000139a15c9ad0 JavaThread "Service Thread" daemon [_thread_blocked, id=23932, stack(0x0000001797900000,0x0000001797a00000)]
  0x00000139a15cace0 JavaThread "Monitor Deflation Thread" daemon [_thread_blocked, id=21976, stack(0x0000001797a00000,0x0000001797b00000)]
=>0x00000139a15ce4e0 JavaThread "C2 CompilerThread0" daemon [_thread_in_native, id=1220, stack(0x0000001797b00000,0x0000001797c00000)]
  0x00000139a32a2f30 JavaThread "C1 CompilerThread0" daemon [_thread_blocked, id=24936, stack(0x0000001797c00000,0x0000001797d00000)]
  0x00000139a32f2ef0 JavaThread "Sweeper thread" daemon [_thread_blocked, id=4728, stack(0x0000001797d00000,0x0000001797e00000)]
  0x000001398d807fd0 JavaThread "Common-Cleaner" daemon [_thread_blocked, id=22596, stack(0x0000001797e00000,0x0000001797f00000)]
  0x00000139a342d7d0 JavaThread "C2 CompilerThread1" daemon [_thread_in_native, id=11500, stack(0x0000001797f00000,0x0000001798000000)]
  0x00000139a360e7e0 JavaThread "Notification Thread" daemon [_thread_blocked, id=15096, stack(0x0000001798000000,0x0000001798100000)]

Other Threads:
  0x00000139a3252750 VMThread "VM Thread" [stack: 0x0000001797400000,0x0000001797500000] [id=23568]
  0x00000139a35bec80 WatcherThread [stack: 0x0000001798100000,0x0000001798200000] [id=8620]
  0x000001398d75f730 GCTaskThread "GC Thread#0" [stack: 0x0000001797300000,0x0000001797400000] [id=10648]

Threads with active compile tasks:
C2 CompilerThread0      926  326       4       java.lang.AbstractStringBuilder::append (77 bytes)
C2 CompilerThread1      926  407       4       java.lang.String::replace (42 bytes)

VM state: not at safepoint (normal execution)

VM Mutex/Monitor currently owned by a thread: None

Heap address: 0x00000000c0000000, size: 1024 MB, Compressed Oops mode: 32-bit

CDS archive(s) not mapped
Compressed class space mapped at: 0x0000000100000000-0x0000000140000000, reserved size: 1073741824
Narrow klass base: 0x0000000000000000, Narrow klass shift: 3, Narrow klass range: 0x140000000

GC Precious Log:
 CPUs: 12 total, 12 available
 Memory: 16238M
 Large Page Support: Disabled
 NUMA Support: Disabled
 Compressed Oops: Enabled (32-bit)
 Alignments: Space 512K, Generation 512K, Heap 2M
 Heap Min Capacity: 100M
 Heap Initial Capacity: 100M
 Heap Max Capacity: 1G
 Pre-touch: Disabled
 Parallel Workers: 10

Heap:
 PSYoungGen      total 29696K, used 9429K [0x00000000eab00000, 0x00000000ecc00000, 0x0000000100000000)
  eden space 25600K, 36% used [0x00000000eab00000,0x00000000eb4355c0,0x00000000ec400000)
  from space 4096K, 0% used [0x00000000ec800000,0x00000000ec800000,0x00000000ecc00000)
  to   space 4096K, 0% used [0x00000000ec400000,0x00000000ec400000,0x00000000ec800000)
 ParOldGen       total 68608K, used 0K [0x00000000c0000000, 0x00000000c4300000, 0x00000000eab00000)
  object space 68608K, 0% used [0x00000000c0000000,0x00000000c0000000,0x00000000c4300000)
 Metaspace       used 6973K, committed 7104K, reserved 1056768K
  class space    used 678K, committed 768K, reserved 1048576K

Card table byte_map: [0x000001398d100000,0x000001398d310000] _byte_map_base: 0x000001398cb00000

Marking Bits: (ParMarkBitMap*) 0x00007ff89eb52a60
 Begin Bits: [0x000001399f3d0000, 0x00000139a03d0000)
 End Bits:   [0x00000139a03d0000, 0x00000139a13d0000)

Polling page: 0x000001398b6a0000

Metaspace:

Usage:
  Non-class:      6.15 MB used.
      Class:    679.12 KB used.
       Both:      6.81 MB used.

Virtual space:
  Non-class space:        8.00 MB reserved,       6.19 MB ( 77%) committed,  1 nodes.
      Class space:        1.00 GB reserved,     768.00 KB ( <1%) committed,  1 nodes.
             Both:        1.01 GB reserved,       6.94 MB ( <1%) committed. 

Chunk freelists:
   Non-Class:  1.00 MB
       Class:  3.22 MB
        Both:  4.22 MB

MaxMetaspaceSize: unlimited
CompressedClassSpaceSize: 1.00 GB
Initial GC threshold: 21.00 MB
Current GC threshold: 21.00 MB
CDS: off
MetaspaceReclaimPolicy: balanced
 - commit_granule_bytes: 65536.
 - commit_granule_words: 8192.
 - virtual_space_node_default_size: 1048576.
 - enlarge_chunks_in_place: 1.
 - new_chunks_are_fully_committed: 0.
 - uncommit_free_chunks: 1.
 - use_allocation_guard: 0.
 - handle_deallocations: 1.


Internal statistics:

num_allocs_failed_limit: 0.
num_arena_births: 10.
num_arena_deaths: 0.
num_vsnodes_births: 2.
num_vsnodes_deaths: 0.
num_space_committed: 111.
num_space_uncommitted: 0.
num_chunks_returned_to_freelist: 0.
num_chunks_taken_from_freelist: 36.
num_chunk_merges: 0.
num_chunk_splits: 19.
num_chunks_enlarged: 17.
num_purges: 0.
num_inconsistent_stats: 0.

CodeHeap 'non-profiled nmethods': size=120000Kb used=128Kb max_used=128Kb free=119872Kb
 bounds [0x0000013997ea0000, 0x0000013998110000, 0x000001399f3d0000]
CodeHeap 'profiled nmethods': size=120000Kb used=547Kb max_used=547Kb free=119452Kb
 bounds [0x0000013990970000, 0x0000013990be0000, 0x0000013997ea0000]
CodeHeap 'non-nmethods': size=5760Kb used=1103Kb max_used=1120Kb free=4656Kb
 bounds [0x00000139903d0000, 0x0000013990640000, 0x0000013990970000]
 total_blobs=798 nmethods=415 adapters=298
 compilation: enabled
              stopped_count=0, restarted_count=0
 full_count=0

Compilation events (20 events):
Event: 0.852 Thread 0x00000139a32a2f30 nmethod 317 0x00000139909cbf90 code [0x00000139909cc120, 0x00000139909cc338]
Event: 0.852 Thread 0x00000139a32a2f30  318       1       java.util.ArrayList::size (5 bytes)
Event: 0.852 Thread 0x00000139a32a2f30 nmethod 318 0x0000013997eb6510 code [0x0000013997eb66a0, 0x0000013997eb6778]
Event: 0.854 Thread 0x00000139a342d7d0  319       4       java.io.WinNTFileSystem::isSlash (18 bytes)
Event: 0.854 Thread 0x00000139a342d7d0 nmethod 319 0x0000013997eb6810 code [0x0000013997eb6980, 0x0000013997eb6a18]
Event: 0.856 Thread 0x00000139a32a2f30  320       1       java.security.ProtectionDomain::getCodeSource (5 bytes)
Event: 0.856 Thread 0x00000139a32a2f30 nmethod 320 0x0000013997eb6b10 code [0x0000013997eb6ca0, 0x0000013997eb6d78]
Event: 0.857 Thread 0x00000139a32a2f30  321       1       java.net.URL::getPort (5 bytes)
Event: 0.857 Thread 0x00000139a32a2f30 nmethod 321 0x0000013997eb6e10 code [0x0000013997eb6fa0, 0x0000013997eb7078]
Event: 0.858 Thread 0x00000139a32a2f30  322       3       java.lang.Character::isLetterOrDigit (5 bytes)
Event: 0.858 Thread 0x00000139a32a2f30 nmethod 322 0x00000139909cc410 code [0x00000139909cc5e0, 0x00000139909cc8f8]
Event: 0.858 Thread 0x00000139a32a2f30  323       3       java.lang.Character::isLetterOrDigit (19 bytes)
Event: 0.858 Thread 0x00000139a32a2f30 nmethod 323 0x00000139909cca10 code [0x00000139909ccbc0, 0x00000139909cce78]
Event: 0.860 Thread 0x00000139a32a2f30  324       3       java.net.URI$Parser::scan (41 bytes)
Event: 0.860 Thread 0x00000139a342d7d0  325       4       java.lang.StringBuilder::append (8 bytes)
Event: 0.860 Thread 0x00000139a15ce4e0  326       4       java.lang.AbstractStringBuilder::append (77 bytes)
Event: 0.861 Thread 0x00000139a32a2f30 nmethod 324 0x00000139909ccf90 code [0x00000139909cd1e0, 0x00000139909cdaf8]
Event: 0.862 Thread 0x00000139a32a2f30  328       3       java.lang.StringLatin1::toLowerCase (186 bytes)
Event: 0.862 Thread 0x00000139a32a2f30 nmethod 328 0x00000139909cdf10 code [0x00000139909ce180, 0x00000139909cec78]
Event: 0.862 Thread 0x00000139a32a2f30  327       3       java.lang.String::toLowerCase (29 bytes)

GC Heap History (0 events):
No events

Deoptimization events (0 events):
No events

Classes unloaded (0 events):
No events

Classes redefined (0 events):
No events

Internal exceptions (2 events):
Event: 0.672 Thread 0x000001398d749380 Exception <a 'java/lang/NoSuchMethodError'{0x00000000eacb25c8}: 'void java.lang.invoke.DirectMethodHandle$Holder.invokeStatic(java.lang.Object, java.lang.Object, java.lang.Object)'> (0x00000000eacb25c8) 
thrown [e:\jenkins\tmp\workspace\build\src\src\hotspot\share\interpreter\linkResolver.cpp, line 766]
Event: 0.830 Thread 0x000001398d749380 Exception <a 'java/lang/reflect/InvocationTargetException'{0x00000000eaf69090}> (0x00000000eaf69090) 
thrown [e:\jenkins\tmp\workspace\build\src\src\hotspot\share\runtime\reflection.cpp, line 1121]

VM Operations (2 events):
Event: 0.678 Executing VM operation: HandshakeAllThreads
Event: 0.678 Executing VM operation: HandshakeAllThreads done

Events (20 events):
Event: 0.848 loading class java/util/regex/Pattern$First
Event: 0.848 loading class java/util/regex/Pattern$First done
Event: 0.848 loading class java/util/regex/Pattern$StartS
Event: 0.848 loading class java/util/regex/Pattern$Start
Event: 0.848 loading class java/util/regex/Pattern$Start done
Event: 0.848 loading class java/util/regex/Pattern$StartS done
Event: 0.848 loading class java/util/regex/Pattern$TreeInfo
Event: 0.848 loading class java/util/regex/Pattern$TreeInfo done
Event: 0.848 loading class java/util/regex/Pattern$Curly
Event: 0.848 loading class java/util/regex/Pattern$Curly done
Event: 0.848 loading class java/util/regex/Pattern$Ques
Event: 0.848 loading class java/util/regex/Pattern$Ques done
Event: 0.848 loading class java/util/regex/Pattern$Loop
Event: 0.849 loading class java/util/regex/Pattern$Loop done
Event: 0.849 loading class java/util/regex/Pattern$Prolog
Event: 0.849 loading class java/util/regex/Pattern$Prolog done
Event: 0.849 loading class java/util/regex/Pattern$Dollar
Event: 0.849 loading class java/util/regex/Pattern$Dollar done
Event: 0.849 loading class java/util/regex/Pattern$GroupCurly
Event: 0.849 loading class java/util/regex/Pattern$GroupCurly done


Dynamic libraries:
0x00007ff78ae50000 - 0x00007ff78ae5e000 	c:\Users\erosg\.vscode\extensions\redhat.java-1.3.0\jre\17.0.1-win32-x86_64\bin\java.exe
0x00007ff9161f0000 - 0x00007ff9163e5000 	C:\WINDOWS\SYSTEM32\ntdll.dll
0x00007ff915170000 - 0x00007ff91522e000 	C:\WINDOWS\System32\KERNEL32.DLL
0x00007ff913f70000 - 0x00007ff914238000 	C:\WINDOWS\System32\KERNELBASE.dll
0x00007ff913e70000 - 0x00007ff913f70000 	C:\WINDOWS\System32\ucrtbase.dll
0x00007ff8ff380000 - 0x00007ff8ff399000 	c:\Users\erosg\.vscode\extensions\redhat.java-1.3.0\jre\17.0.1-win32-x86_64\bin\VCRUNTIME140.dll
0x00007ff8fe5d0000 - 0x00007ff8fe5e8000 	c:\Users\erosg\.vscode\extensions\redhat.java-1.3.0\jre\17.0.1-win32-x86_64\bin\jli.dll
0x00007ff914650000 - 0x00007ff9147f0000 	C:\WINDOWS\System32\USER32.dll
0x00007ff913db0000 - 0x00007ff913dd2000 	C:\WINDOWS\System32\win32u.dll
0x00007ff902890000 - 0x00007ff902b2a000 	C:\WINDOWS\WinSxS\amd64_microsoft.windows.common-controls_6595b64144ccf1df_6.0.19041.1110_none_60b5254171f9507e\COMCTL32.dll
0x00007ff915f00000 - 0x00007ff915f2b000 	C:\WINDOWS\System32\GDI32.dll
0x00007ff914c70000 - 0x00007ff914d0e000 	C:\WINDOWS\System32\msvcrt.dll
0x00007ff913970000 - 0x00007ff913a7d000 	C:\WINDOWS\System32\gdi32full.dll
0x00007ff913a80000 - 0x00007ff913b1d000 	C:\WINDOWS\System32\msvcp_win.dll
0x00007ff915230000 - 0x00007ff915260000 	C:\WINDOWS\System32\IMM32.DLL
0x00007ff90de00000 - 0x00007ff90de0c000 	c:\Users\erosg\.vscode\extensions\redhat.java-1.3.0\jre\17.0.1-win32-x86_64\bin\vcruntime140_1.dll
0x00007ff8bacc0000 - 0x00007ff8bad51000 	c:\Users\erosg\.vscode\extensions\redhat.java-1.3.0\jre\17.0.1-win32-x86_64\bin\msvcp140.dll
0x00007ff89dfd0000 - 0x00007ff89ec16000 	c:\Users\erosg\.vscode\extensions\redhat.java-1.3.0\jre\17.0.1-win32-x86_64\bin\server\jvm.dll
0x00007ff914e40000 - 0x00007ff914eee000 	C:\WINDOWS\System32\ADVAPI32.dll
0x00007ff916110000 - 0x00007ff9161ac000 	C:\WINDOWS\System32\sechost.dll
0x00007ff914d10000 - 0x00007ff914e35000 	C:\WINDOWS\System32\RPCRT4.dll
0x00007ff9152d0000 - 0x00007ff9152d8000 	C:\WINDOWS\System32\PSAPI.DLL
0x00007ff909a80000 - 0x00007ff909a8a000 	C:\WINDOWS\SYSTEM32\VERSION.dll
0x00007ff8ff240000 - 0x00007ff8ff267000 	C:\WINDOWS\SYSTEM32\WINMM.dll
0x00007ff8fd150000 - 0x00007ff8fd159000 	C:\WINDOWS\SYSTEM32\WSOCK32.dll
0x00007ff915e00000 - 0x00007ff915e6b000 	C:\WINDOWS\System32\WS2_32.dll
0x00007ff9121b0000 - 0x00007ff9121c2000 	C:\WINDOWS\SYSTEM32\kernel.appcore.dll
0x00007ff90b6d0000 - 0x00007ff90b6da000 	c:\Users\erosg\.vscode\extensions\redhat.java-1.3.0\jre\17.0.1-win32-x86_64\bin\jimage.dll
0x00007ff911eb0000 - 0x00007ff912094000 	C:\WINDOWS\SYSTEM32\DBGHELP.DLL
0x00007ff907e20000 - 0x00007ff907e4c000 	C:\WINDOWS\SYSTEM32\dbgcore.DLL
0x00007ff913de0000 - 0x00007ff913e62000 	C:\WINDOWS\System32\bcryptPrimitives.dll
0x00007ff9009e0000 - 0x00007ff9009ee000 	c:\Users\erosg\.vscode\extensions\redhat.java-1.3.0\jre\17.0.1-win32-x86_64\bin\instrument.dll
0x00007ff8f8280000 - 0x00007ff8f82a5000 	c:\Users\erosg\.vscode\extensions\redhat.java-1.3.0\jre\17.0.1-win32-x86_64\bin\java.dll
0x00007ff8fca50000 - 0x00007ff8fca68000 	c:\Users\erosg\.vscode\extensions\redhat.java-1.3.0\jre\17.0.1-win32-x86_64\bin\zip.dll
0x00007ff915340000 - 0x00007ff915a84000 	C:\WINDOWS\System32\SHELL32.dll
0x00007ff911640000 - 0x00007ff911dd4000 	C:\WINDOWS\SYSTEM32\windows.storage.dll
0x00007ff9142f0000 - 0x00007ff914645000 	C:\WINDOWS\System32\combase.dll
0x00007ff913350000 - 0x00007ff91337e000 	C:\WINDOWS\SYSTEM32\Wldp.dll
0x00007ff914240000 - 0x00007ff9142ed000 	C:\WINDOWS\System32\SHCORE.dll
0x00007ff915a90000 - 0x00007ff915ae5000 	C:\WINDOWS\System32\shlwapi.dll
0x00007ff913840000 - 0x00007ff91385f000 	C:\WINDOWS\SYSTEM32\profapi.dll
0x00007ff8f8130000 - 0x00007ff8f8149000 	C:\Users\erosg\.vscode\extensions\redhat.java-1.3.0\jre\17.0.1-win32-x86_64\bin\net.dll
0x00007ff907ed0000 - 0x00007ff907fdc000 	C:\WINDOWS\SYSTEM32\WINHTTP.dll
0x00007ff9130b0000 - 0x00007ff91311a000 	C:\WINDOWS\system32\mswsock.dll
0x00007ff8f8110000 - 0x00007ff8f8125000 	C:\Users\erosg\.vscode\extensions\redhat.java-1.3.0\jre\17.0.1-win32-x86_64\bin\nio.dll
0x00007ff9009b0000 - 0x00007ff9009c0000 	c:\Users\erosg\.vscode\extensions\redhat.java-1.3.0\jre\17.0.1-win32-x86_64\bin\verify.dll

dbghelp: loaded successfully - version: 4.0.5 - missing functions: none
symbol engine: initialized successfully - sym options: 0x614 - pdb path: .;c:\Users\erosg\.vscode\extensions\redhat.java-1.3.0\jre\17.0.1-win32-x86_64\bin;C:\WINDOWS\SYSTEM32;C:\WINDOWS\WinSxS\amd64_microsoft.windows.common-controls_6595b64144ccf1df_6.0.19041.1110_none_60b5254171f9507e;c:\Users\erosg\.vscode\extensions\redhat.java-1.3.0\jre\17.0.1-win32-x86_64\bin\server

VM Arguments:
jvm_args: --add-modules=ALL-SYSTEM --add-opens=java.base/java.util=ALL-UNNAMED --add-opens=java.base/java.lang=ALL-UNNAMED --add-opens=java.base/sun.nio.fs=ALL-UNNAMED -Declipse.application=org.eclipse.jdt.ls.core.id1 -Dosgi.bundles.defaultStartLevel=4 -Declipse.product=org.eclipse.jdt.ls.core.product -Djava.import.generatesMetadataFilesAtProjectRoot=false -Dfile.encoding=utf8 -DwatchParentProcess=false -XX:+UseParallelGC -XX:GCTimeRatio=4 -XX:AdaptiveSizePolicyWeight=90 -Dsun.zip.disableMemoryMapping=true -Xmx1G -Xms100m -javaagent:c:\Users\erosg\.vscode\extensions\gabrielbb.vscode-lombok-1.0.1\server\lombok.jar 
java_command: c:\Users\erosg\.vscode\extensions\redhat.java-1.3.0\server\plugins\org.eclipse.equinox.launcher_1.6.400.v20210924-0641.jar -configuration c:\Users\erosg\AppData\Roaming\Code\User\globalStorage\redhat.java\1.3.0\config_ss_win -data c:\Users\erosg\AppData\Roaming\Code\User\workspaceStorage\f3a2a6303255aa17c9f66030785b2c36\redhat.java\ss_ws
java_class_path (initial): c:\Users\erosg\.vscode\extensions\redhat.java-1.3.0\server\plugins\org.eclipse.equinox.launcher_1.6.400.v20210924-0641.jar
Launcher Type: SUN_STANDARD

[Global flags]
    uintx AdaptiveSizePolicyWeight                 = 90                                        {product} {command line}
     intx CICompilerCount                          = 4                                         {product} {ergonomic}
    uintx GCTimeRatio                              = 4                                         {product} {command line}
   size_t InitialHeapSize                          = 104857600                                 {product} {command line}
   size_t MaxHeapSize                              = 1073741824                                {product} {command line}
   size_t MaxNewSize                               = 357564416                                 {product} {ergonomic}
   size_t MinHeapDeltaBytes                        = 524288                                    {product} {ergonomic}
   size_t MinHeapSize                              = 104857600                                 {product} {command line}
   size_t NewSize                                  = 34603008                                  {product} {ergonomic}
    uintx NonNMethodCodeHeapSize                   = 5839372                                {pd product} {ergonomic}
    uintx NonProfiledCodeHeapSize                  = 122909434                              {pd product} {ergonomic}
   size_t OldSize                                  = 70254592                                  {product} {ergonomic}
    uintx ProfiledCodeHeapSize                     = 122909434                              {pd product} {ergonomic}
    uintx ReservedCodeCacheSize                    = 251658240                              {pd product} {ergonomic}
     bool SegmentedCodeCache                       = true                                      {product} {ergonomic}
   size_t SoftMaxHeapSize                          = 1073741824                             {manageable} {ergonomic}
     bool UseCompressedClassPointers               = true                           {product lp64_product} {ergonomic}
     bool UseCompressedOops                        = true                           {product lp64_product} {ergonomic}
     bool UseLargePagesIndividualAllocation        = false                                  {pd product} {ergonomic}
     bool UseParallelGC                            = true                                      {product} {command line}

Logging:
Log output configuration:
 #0: stdout all=warning uptime,level,tags
 #1: stderr all=off uptime,level,tags

Environment Variables:
JAVA_HOME=D:\Documentos\A1.UNIVERSIDAD\IW\JAVA\jdk-11
PATH=D:\Program Files (x86)\36;D:\Program Files (x86)\36\gbin;D:\Programas\Oracle\dbhomeXE\bin;C:\Program Files (x86)\Common Files\Intel\Shared Libraries\redist\intel64\compiler;D:\Documentos\A1.UNIVERSIDAD\IW\JAVA\jdk-11\bin;C:\Program Files (x86)\Common Files\Oracle\Java\javapath;C:\ProgramData\Oracle\Java\javapath;C:\Program Files (x86)\Intel\Intel(R) Management Engine Components\iCLS\;C:\Program Files\Intel\Intel(R) Management Engine Components\iCLS\;C:\Windows\system32;C:\Windows;C:\Windows\System32\Wbem;C:\Windows\System32\WindowsPowerShell\v1.0\;C:\Windows\System32\OpenSSH\;C:\Program Files (x86)\Intel\Intel(R) Management Engine Components\DAL;C:\Program Files\Intel\Intel(R) Management Engine Components\DAL;C:\Program Files\Intel\WiFi\bin\;C:\Program Files\Common Files\Intel\WirelessCommon\;C:\Program Files\dotnet\;C:\Program Files\NVIDIA Corporation\NVIDIA NvDLISR;C:\Program Files (x86)\NVIDIA Corporation\PhysX\Common;C:\WINDOWS\system32;C:\WINDOWS;C:\WINDOWS\System32\Wbem;C:\WINDOWS\System32\WindowsPowerShell\v1.0\;C:\WINDOWS\System32\OpenSSH\;D:\Programas\AutoFirma\AutoFirma;C:\Program Files\SourceGear\Common\DiffMerge\;D:\Programas\Putty\;D:\Documentos\A1.UNIVERSIDAD\IW\JAVA\apache-maven-3.8.4\bin;D:\Programas\NodeJS\;D:\Programas\Python\Scripts\;D:\Programas\Python\;C:\Users\erosg\AppData\Local\Microsoft\WindowsApps;D:\Programas\Microsoft VS Code\bin;D:\Documentos\A1.UNIVERSIDAD\IW\JAVA\jdk-11\bin;D:\Programas\ModelSim\win32pe_edu;D:\Programas\FC\EclipseARM\sourcery-g++-lite-arm-2011.03\bin;C:\Users\erosg\AppData\Local\GitHubDesktop\bin;D:\Documentos\A1.UNIVERSIDAD\IW\JAVA\apache-maven-3.8.4\bin;D:\Programas\JavaJDK;C:\Users\erosg\AppData\Roaming\npm
USERNAME=erosg
OS=Windows_NT
PROCESSOR_IDENTIFIER=Intel64 Family 6 Model 158 Stepping 10, GenuineIntel



---------------  S Y S T E M  ---------------

OS:
 Windows 10 , 64 bit Build 19041 (10.0.19041.1503)
OS uptime: 0 days 13:37 hours

CPU: total 12 (initial active 12) (6 cores per cpu, 2 threads per core) family 6 model 158 stepping 10 microcode 0xd2, cx8, cmov, fxsr, ht, mmx, 3dnowpref, sse, sse2, sse3, ssse3, sse4.1, sse4.2, popcnt, lzcnt, tsc, tscinvbit, avx, avx2, aes, erms, clmul, bmi1, bmi2, adx, fma, vzeroupper, clflush, clflushopt

Memory: 4k page, system-wide physical 16238M (4059M free)
TotalPageFile size 24430M (AvailPageFile size 0M)
current process WorkingSet (physical memory assigned to process): 43M, peak: 43M
current process commit charge ("private bytes"): 195M, peak: 195M

vm_info: OpenJDK 64-Bit Server VM (17.0.1+12) for windows-amd64 JRE (17.0.1+12), built on Oct 20 2021 07:42:55 by "" with MS VC++ 16.7 (VS2019)

END.
