#
# There is insufficient memory for the Java Runtime Environment to continue.
# Native memory allocation (malloc) failed to allocate 5055968 bytes for Chunk::new
# Possible reasons:
#   The system is out of physical RAM or swap space
#   The process is running with CompressedOops enabled, and the Java Heap may be blocking the growth of the native heap
# Possible solutions:
#   Reduce memory load on the system
#   Increase physical memory or swap space
#   Check if swap backing store is full
#   Decrease Java heap size (-Xmx/-Xms)
#   Decrease number of Java threads
#   Decrease Java thread stack sizes (-Xss)
#   Set larger code cache with -XX:ReservedCodeCacheSize=
#   JVM is running with Unscaled Compressed Oops mode in which the Java heap is
#     placed in the first 4GB address space. The Java Heap base address is the
#     maximum limit for the native heap growth. Please use -XX:HeapBaseMinAddress
#     to set the Java Heap base and to place the Java Heap above 4GB virtual address.
# This output file may be truncated or incomplete.
#
#  Out of Memory Error (arena.cpp:189), pid=2632, tid=23784
#
# JRE version: OpenJDK Runtime Environment Temurin-17.0.1+12 (17.0.1+12) (build 17.0.1+12)
# Java VM: OpenJDK 64-Bit Server VM Temurin-17.0.1+12 (17.0.1+12, mixed mode, tiered, compressed oops, compressed class ptrs, parallel gc, windows-amd64)
# No core dump will be written. Minidumps are not enabled by default on client versions of Windows
#

---------------  S U M M A R Y ------------

Command Line: --add-modules=ALL-SYSTEM --add-opens=java.base/java.util=ALL-UNNAMED --add-opens=java.base/java.lang=ALL-UNNAMED --add-opens=java.base/sun.nio.fs=ALL-UNNAMED -Declipse.application=org.eclipse.jdt.ls.core.id1 -Dosgi.bundles.defaultStartLevel=4 -Declipse.product=org.eclipse.jdt.ls.core.product -Djava.import.generatesMetadataFilesAtProjectRoot=false -Dfile.encoding=utf8 -DwatchParentProcess=false -XX:+UseParallelGC -XX:GCTimeRatio=4 -XX:AdaptiveSizePolicyWeight=90 -Dsun.zip.disableMemoryMapping=true -Xmx1G -Xms100m -javaagent:c:\Users\erosg\.vscode\extensions\gabrielbb.vscode-lombok-1.0.1\server\lombok.jar -XX:+HeapDumpOnOutOfMemoryError -XX:HeapDumpPath=c:\Users\erosg\AppData\Roaming\Code\User\workspaceStorage\f3a2a6303255aa17c9f66030785b2c36\redhat.java c:\Users\erosg\.vscode\extensions\redhat.java-1.3.0\server\plugins\org.eclipse.equinox.launcher_1.6.400.v20210924-0641.jar -configuration c:\Users\erosg\AppData\Roaming\Code\User\globalStorage\redhat.java\1.3.0\config_win -data c:\Users\erosg\AppData\Roaming\Code\User\workspaceStorage\f3a2a6303255aa17c9f66030785b2c36\redhat.java\jdt_ws

Host: Intel(R) Core(TM) i7-8750H CPU @ 2.20GHz, 12 cores, 15G,  Windows 10 , 64 bit Build 19041 (10.0.19041.1503)
Time: Sun Feb 20 00:48:13 2022 Hora estándar romance elapsed time: 2.523854 seconds (0d 0h 0m 2s)

---------------  T H R E A D  ---------------

Current thread (0x000002bf2ca92540):  JavaThread "C2 CompilerThread1" daemon [_thread_in_native, id=23784, stack(0x000000ff5e900000,0x000000ff5ea00000)]


Current CompileTask:
C2:   2523 2610       4       java.io.DataInputStream::readUTF (501 bytes)

Stack: [0x000000ff5e900000,0x000000ff5ea00000]
Native frames: (J=compiled Java code, j=interpreted, Vv=VM code, C=native code)
V  [jvm.dll+0x6744da]
V  [jvm.dll+0x82e144]
V  [jvm.dll+0x82f8ee]
V  [jvm.dll+0x82ff53]
V  [jvm.dll+0x245175]
V  [jvm.dll+0xab85b]
V  [jvm.dll+0xabdec]
V  [jvm.dll+0x362f07]
V  [jvm.dll+0x1bb698]
V  [jvm.dll+0x218189]
V  [jvm.dll+0x217451]
V  [jvm.dll+0x1a355d]
V  [jvm.dll+0x226e38]
V  [jvm.dll+0x224f7c]
V  [jvm.dll+0x7e3f5b]
V  [jvm.dll+0x7de51a]
V  [jvm.dll+0x673305]
C  [ucrtbase.dll+0x21bb2]
C  [KERNEL32.DLL+0x17034]
C  [ntdll.dll+0x52651]


---------------  P R O C E S S  ---------------

Threads class SMR info:
_java_thread_list=0x000002bf2f75d6c0, length=25, elements={
0x000002bf16ca63f0, 0x000002bf2ab28510, 0x000002bf2ab299f0, 0x000002bf2ab2a0f0,
0x000002bf2ab2abb0, 0x000002bf2c8aa020, 0x000002bf2c8c1010, 0x000002bf2c8c47b0,
0x000002bf2c8c5850, 0x000002bf2c9247e0, 0x000002bf2c9e9300, 0x000002bf2ca92540,
0x000002bf2cbc8880, 0x000002bf2f168510, 0x000002bf2f0b0c90, 0x000002bf2deca460,
0x000002bf2f06c6b0, 0x000002bf2f18f830, 0x000002bf2f39ac90, 0x000002bf2f3d6c80,
0x000002bf2f18e080, 0x000002bf2f18b530, 0x000002bf2f597580, 0x000002bf2f18c3a0,
0x000002bf2f18d6e0
}

Java Threads: ( => current thread )
  0x000002bf16ca63f0 JavaThread "main" [_thread_blocked, id=11244, stack(0x000000ff5dc00000,0x000000ff5dd00000)]
  0x000002bf2ab28510 JavaThread "Reference Handler" daemon [_thread_blocked, id=24464, stack(0x000000ff5df00000,0x000000ff5e000000)]
  0x000002bf2ab299f0 JavaThread "Finalizer" daemon [_thread_blocked, id=844, stack(0x000000ff5e000000,0x000000ff5e100000)]
  0x000002bf2ab2a0f0 JavaThread "Signal Dispatcher" daemon [_thread_blocked, id=17640, stack(0x000000ff5e100000,0x000000ff5e200000)]
  0x000002bf2ab2abb0 JavaThread "Attach Listener" daemon [_thread_blocked, id=3456, stack(0x000000ff5e200000,0x000000ff5e300000)]
  0x000002bf2c8aa020 JavaThread "Service Thread" daemon [_thread_blocked, id=22500, stack(0x000000ff5e300000,0x000000ff5e400000)]
  0x000002bf2c8c1010 JavaThread "Monitor Deflation Thread" daemon [_thread_blocked, id=24084, stack(0x000000ff5e400000,0x000000ff5e500000)]
  0x000002bf2c8c47b0 JavaThread "C2 CompilerThread0" daemon [_thread_blocked, id=12052, stack(0x000000ff5e500000,0x000000ff5e600000)]
  0x000002bf2c8c5850 JavaThread "C1 CompilerThread0" daemon [_thread_blocked, id=2200, stack(0x000000ff5e600000,0x000000ff5e700000)]
  0x000002bf2c9247e0 JavaThread "Sweeper thread" daemon [_thread_blocked, id=5204, stack(0x000000ff5e700000,0x000000ff5e800000)]
  0x000002bf2c9e9300 JavaThread "Common-Cleaner" daemon [_thread_blocked, id=12240, stack(0x000000ff5e800000,0x000000ff5e900000)]
=>0x000002bf2ca92540 JavaThread "C2 CompilerThread1" daemon [_thread_in_native, id=23784, stack(0x000000ff5e900000,0x000000ff5ea00000)]
  0x000002bf2cbc8880 JavaThread "Notification Thread" daemon [_thread_blocked, id=25312, stack(0x000000ff5ea00000,0x000000ff5eb00000)]
  0x000002bf2f168510 JavaThread "Active Thread: Equinox Container: 3f5a6912-7abc-4984-afa9-53a9dc0f02bc" [_thread_blocked, id=21456, stack(0x000000ff5ec00000,0x000000ff5ed00000)]
  0x000002bf2f0b0c90 JavaThread "Framework Event Dispatcher: Equinox Container: 3f5a6912-7abc-4984-afa9-53a9dc0f02bc" daemon [_thread_blocked, id=24640, stack(0x000000ff5f200000,0x000000ff5f300000)]
  0x000002bf2deca460 JavaThread "Start Level: Equinox Container: 3f5a6912-7abc-4984-afa9-53a9dc0f02bc" daemon [_thread_blocked, id=24104, stack(0x000000ff5f300000,0x000000ff5f400000)]
  0x000002bf2f06c6b0 JavaThread "SCR Component Actor" daemon [_thread_blocked, id=7076, stack(0x000000ff5f400000,0x000000ff5f500000)]
  0x000002bf2f18f830 JavaThread "Timer-0" [_thread_blocked, id=24852, stack(0x000000ff5f700000,0x000000ff5f800000)]
  0x000002bf2f39ac90 JavaThread "Bundle File Closer" daemon [_thread_blocked, id=12792, stack(0x000000ff5f800000,0x000000ff5f900000)]
  0x000002bf2f3d6c80 JavaThread "Worker-JM" [_thread_blocked, id=19692, stack(0x000000ff5fb00000,0x000000ff5fc00000)]
  0x000002bf2f18e080 JavaThread "Worker-0: Refreshing workspace" [_thread_in_vm, id=21340, stack(0x000000ff5fc00000,0x000000ff5fd00000)]
  0x000002bf2f18b530 JavaThread "Worker-1" [_thread_blocked, id=22404, stack(0x000000ff5fd00000,0x000000ff5fe00000)]
  0x000002bf2f597580 JavaThread "C2 CompilerThread2" daemon [_thread_in_native, id=21784, stack(0x000000ff5fe00000,0x000000ff5ff00000)]
  0x000002bf2f18c3a0 JavaThread "Java indexing" daemon [_thread_blocked, id=24988, stack(0x000000ff5ff00000,0x000000ff60000000)]
  0x000002bf2f18d6e0 JavaThread "Worker-2" [_thread_blocked, id=25444, stack(0x000000ff60000000,0x000000ff60100000)]

Other Threads:
  0x000002bf2ab23c40 VMThread "VM Thread" [stack: 0x000000ff5de00000,0x000000ff5df00000] [id=14708]
  0x000002bf2cc12f10 WatcherThread [stack: 0x000000ff5eb00000,0x000000ff5ec00000] [id=10960]
  0x000002bf16cbc0d0 GCTaskThread "GC Thread#0" [stack: 0x000000ff5dd00000,0x000000ff5de00000] [id=12348]
  0x000002bf2e270d00 GCTaskThread "GC Thread#1" [stack: 0x000000ff5ed00000,0x000000ff5ee00000] [id=7400]
  0x000002bf2e270fb0 GCTaskThread "GC Thread#2" [stack: 0x000000ff5ee00000,0x000000ff5ef00000] [id=1160]
  0x000002bf2e271260 GCTaskThread "GC Thread#3" [stack: 0x000000ff5ef00000,0x000000ff5f000000] [id=23644]
  0x000002bf2e271510 GCTaskThread "GC Thread#4" [stack: 0x000000ff5f000000,0x000000ff5f100000] [id=18584]
  0x000002bf2dd4a740 GCTaskThread "GC Thread#5" [stack: 0x000000ff5f100000,0x000000ff5f200000] [id=3272]
  0x000002bf2f02e440 GCTaskThread "GC Thread#6" [stack: 0x000000ff5f500000,0x000000ff5f600000] [id=7680]
  0x000002bf2f06cb80 GCTaskThread "GC Thread#7" [stack: 0x000000ff5f600000,0x000000ff5f700000] [id=22600]
  0x000002bf2f46e970 GCTaskThread "GC Thread#8" [stack: 0x000000ff5f900000,0x000000ff5fa00000] [id=19412]
  0x000002bf2f46ec20 GCTaskThread "GC Thread#9" [stack: 0x000000ff5fa00000,0x000000ff5fb00000] [id=24580]

Threads with active compile tasks:
C2 CompilerThread1     2549 2610       4       java.io.DataInputStream::readUTF (501 bytes)
C2 CompilerThread2     2549 2518       4       org.objectweb.asm.ClassReader::readMethod (1052 bytes)

VM state: not at safepoint (normal execution)

VM Mutex/Monitor currently owned by a thread: None

Heap address: 0x00000000c0000000, size: 1024 MB, Compressed Oops mode: 32-bit

CDS archive(s) not mapped
Compressed class space mapped at: 0x0000000100000000-0x0000000140000000, reserved size: 1073741824
Narrow klass base: 0x0000000000000000, Narrow klass shift: 3, Narrow klass range: 0x140000000

GC Precious Log:
 CPUs: 12 total, 12 available
 Memory: 16238M
 Large Page Support: Disabled
 NUMA Support: Disabled
 Compressed Oops: Enabled (32-bit)
 Alignments: Space 512K, Generation 512K, Heap 2M
 Heap Min Capacity: 100M
 Heap Initial Capacity: 100M
 Heap Max Capacity: 1G
 Pre-touch: Disabled
 Parallel Workers: 10

Heap:
 PSYoungGen      total 25600K, used 5069K [0x00000000eab00000, 0x00000000eca80000, 0x0000000100000000)
  eden space 24064K, 14% used [0x00000000eab00000,0x00000000eae74588,0x00000000ec280000)
  from space 1536K, 99% used [0x00000000ec480000,0x00000000ec5ff210,0x00000000ec600000)
  to   space 4096K, 0% used [0x00000000ec680000,0x00000000ec680000,0x00000000eca80000)
 ParOldGen       total 68608K, used 11835K [0x00000000c0000000, 0x00000000c4300000, 0x00000000eab00000)
  object space 68608K, 17% used [0x00000000c0000000,0x00000000c0b8ecf0,0x00000000c4300000)
 Metaspace       used 31899K, committed 32448K, reserved 1081344K
  class space    used 3176K, committed 3392K, reserved 1048576K

Card table byte_map: [0x000002bf16690000,0x000002bf168a0000] _byte_map_base: 0x000002bf16090000

Marking Bits: (ParMarkBitMap*) 0x00007ff87dd42a60
 Begin Bits: [0x000002bf28930000, 0x000002bf29930000)
 End Bits:   [0x000002bf29930000, 0x000002bf2a930000)

Polling page: 0x000002bf16480000

Metaspace:

Usage:
  Non-class:     28.05 MB used.
      Class:      3.10 MB used.
       Both:     31.15 MB used.

Virtual space:
  Non-class space:       32.00 MB reserved,      28.38 MB ( 89%) committed,  4 nodes.
      Class space:        1.00 GB reserved,       3.31 MB ( <1%) committed,  1 nodes.
             Both:        1.03 GB reserved,      31.69 MB (  3%) committed. 

Chunk freelists:
   Non-Class:  2.75 MB
       Class:  640.00 KB
        Both:  3.38 MB

MaxMetaspaceSize: unlimited
CompressedClassSpaceSize: 1.00 GB
Initial GC threshold: 21.00 MB
Current GC threshold: 35.00 MB
CDS: off
MetaspaceReclaimPolicy: balanced
 - commit_granule_bytes: 65536.
 - commit_granule_words: 8192.
 - virtual_space_node_default_size: 1048576.
 - enlarge_chunks_in_place: 1.
 - new_chunks_are_fully_committed: 0.
 - uncommit_free_chunks: 1.
 - use_allocation_guard: 0.
 - handle_deallocations: 1.


Internal statistics:

num_allocs_failed_limit: 3.
num_arena_births: 298.
num_arena_deaths: 0.
num_vsnodes_births: 5.
num_vsnodes_deaths: 0.
num_space_committed: 507.
num_space_uncommitted: 0.
num_chunks_returned_to_freelist: 3.
num_chunks_taken_from_freelist: 1249.
num_chunk_merges: 3.
num_chunk_splits: 810.
num_chunks_enlarged: 527.
num_purges: 0.
num_inconsistent_stats: 0.

CodeHeap 'non-profiled nmethods': size=120000Kb used=1214Kb max_used=1214Kb free=118785Kb
 bounds [0x000002bf21400000, 0x000002bf21670000, 0x000002bf28930000]
CodeHeap 'profiled nmethods': size=120000Kb used=6501Kb max_used=6501Kb free=113498Kb
 bounds [0x000002bf19ed0000, 0x000002bf1a530000, 0x000002bf21400000]
CodeHeap 'non-nmethods': size=5760Kb used=1300Kb max_used=1300Kb free=4460Kb
 bounds [0x000002bf19930000, 0x000002bf19ba0000, 0x000002bf19ed0000]
 total_blobs=3732 nmethods=3182 adapters=462
 compilation: enabled
              stopped_count=0, restarted_count=0
 full_count=0

Compilation events (20 events):
Event: 2.510 Thread 0x000002bf2c8c5850 3173       1       java.lang.reflect.Method::getReturnType (5 bytes)
Event: 2.510 Thread 0x000002bf2c8c5850 nmethod 3173 0x000002bf2152cc90 code [0x000002bf2152ce20, 0x000002bf2152cef8]
Event: 2.511 Thread 0x000002bf2c8c5850 3174       3       jdk.internal.reflect.ClassFileAssembler::append (30 bytes)
Event: 2.512 Thread 0x000002bf2c8c5850 nmethod 3174 0x000002bf1a51bc90 code [0x000002bf1a51be80, 0x000002bf1a51c358]
Event: 2.512 Thread 0x000002bf2c8c5850 3175   !   3       java.io.ObjectInputStream$BlockDataInputStream::readBlockHeader (249 bytes)
Event: 2.514 Thread 0x000002bf2c8c5850 nmethod 3175 0x000002bf1a51c610 code [0x000002bf1a51c9c0, 0x000002bf1a51deb8]
Event: 2.514 Thread 0x000002bf2c8c5850 3176   !   3       java.io.ObjectInputStream$BlockDataInputStream::refill (136 bytes)
Event: 2.514 Thread 0x000002bf2c8c5850 nmethod 3176 0x000002bf1a51ea90 code [0x000002bf1a51ec80, 0x000002bf1a51f188]
Event: 2.514 Thread 0x000002bf2c8c5850 3178       1       java.lang.reflect.Constructor::getModifiers (5 bytes)
Event: 2.515 Thread 0x000002bf2c8c5850 nmethod 3178 0x000002bf2152cf90 code [0x000002bf2152d120, 0x000002bf2152d1f8]
Event: 2.515 Thread 0x000002bf2c8c5850 3179       3       java.lang.ReflectiveOperationException::<init> (6 bytes)
Event: 2.515 Thread 0x000002bf2c8c5850 nmethod 3179 0x000002bf1a51f410 code [0x000002bf1a51f5c0, 0x000002bf1a51f748]
Event: 2.517 Thread 0x000002bf2c8c5850 3180       3       java.lang.Class::getDeclaredMethod (63 bytes)
Event: 2.518 Thread 0x000002bf2c8c5850 nmethod 3180 0x000002bf1a51f810 code [0x000002bf1a51fae0, 0x000002bf1a5206d8]
Event: 2.518 Thread 0x000002bf2c8c5850 3182       3       java.util.Arrays::fill (28 bytes)
Event: 2.519 Thread 0x000002bf2c8c5850 nmethod 3182 0x000002bf1a520c10 code [0x000002bf1a520dc0, 0x000002bf1a521108]
Event: 2.519 Thread 0x000002bf2c8c5850 3181       3       java.io.ObjectInputStream::readInt (8 bytes)
Event: 2.519 Thread 0x000002bf2c8c5850 nmethod 3181 0x000002bf1a521290 code [0x000002bf1a521440, 0x000002bf1a5215a8]
Event: 2.522 Thread 0x000002bf2c8c47b0 nmethod 3170 0x000002bf2152d290 code [0x000002bf2152d4a0, 0x000002bf2152ddf0]
Event: 2.522 Thread 0x000002bf2c8c47b0 3171       4       jdk.internal.reflect.ClassFileAssembler::emitShort (24 bytes)

GC Heap History (16 events):
Event: 0.592 GC heap before
{Heap before GC invocations=1 (full 0):
 PSYoungGen      total 29696K, used 25600K [0x00000000eab00000, 0x00000000ecc00000, 0x0000000100000000)
  eden space 25600K, 100% used [0x00000000eab00000,0x00000000ec400000,0x00000000ec400000)
  from space 4096K, 0% used [0x00000000ec800000,0x00000000ec800000,0x00000000ecc00000)
  to   space 4096K, 0% used [0x00000000ec400000,0x00000000ec400000,0x00000000ec800000)
 ParOldGen       total 68608K, used 0K [0x00000000c0000000, 0x00000000c4300000, 0x00000000eab00000)
  object space 68608K, 0% used [0x00000000c0000000,0x00000000c0000000,0x00000000c4300000)
 Metaspace       used 10002K, committed 10176K, reserved 1064960K
  class space    used 1011K, committed 1088K, reserved 1048576K
}
Event: 0.601 GC heap after
{Heap after GC invocations=1 (full 0):
 PSYoungGen      total 29696K, used 2890K [0x00000000eab00000, 0x00000000ecc00000, 0x0000000100000000)
  eden space 25600K, 0% used [0x00000000eab00000,0x00000000eab00000,0x00000000ec400000)
  from space 4096K, 70% used [0x00000000ec400000,0x00000000ec6d29e0,0x00000000ec800000)
  to   space 4096K, 0% used [0x00000000ec800000,0x00000000ec800000,0x00000000ecc00000)
 ParOldGen       total 68608K, used 16K [0x00000000c0000000, 0x00000000c4300000, 0x00000000eab00000)
  object space 68608K, 0% used [0x00000000c0000000,0x00000000c0004000,0x00000000c4300000)
 Metaspace       used 10002K, committed 10176K, reserved 1064960K
  class space    used 1011K, committed 1088K, reserved 1048576K
}
Event: 1.107 GC heap before
{Heap before GC invocations=2 (full 0):
 PSYoungGen      total 29696K, used 28490K [0x00000000eab00000, 0x00000000ecc00000, 0x0000000100000000)
  eden space 25600K, 100% used [0x00000000eab00000,0x00000000ec400000,0x00000000ec400000)
  from space 4096K, 70% used [0x00000000ec400000,0x00000000ec6d29e0,0x00000000ec800000)
  to   space 4096K, 0% used [0x00000000ec800000,0x00000000ec800000,0x00000000ecc00000)
 ParOldGen       total 68608K, used 16K [0x00000000c0000000, 0x00000000c4300000, 0x00000000eab00000)
  object space 68608K, 0% used [0x00000000c0000000,0x00000000c0004000,0x00000000c4300000)
 Metaspace       used 14129K, committed 14400K, reserved 1064960K
  class space    used 1438K, committed 1536K, reserved 1048576K
}
Event: 1.113 GC heap after
{Heap after GC invocations=2 (full 0):
 PSYoungGen      total 29696K, used 4091K [0x00000000eab00000, 0x00000000ecc00000, 0x0000000100000000)
  eden space 25600K, 0% used [0x00000000eab00000,0x00000000eab00000,0x00000000ec400000)
  from space 4096K, 99% used [0x00000000ec800000,0x00000000ecbfeca8,0x00000000ecc00000)
  to   space 4096K, 0% used [0x00000000ec400000,0x00000000ec400000,0x00000000ec800000)
 ParOldGen       total 68608K, used 1149K [0x00000000c0000000, 0x00000000c4300000, 0x00000000eab00000)
  object space 68608K, 1% used [0x00000000c0000000,0x00000000c011f408,0x00000000c4300000)
 Metaspace       used 14129K, committed 14400K, reserved 1064960K
  class space    used 1438K, committed 1536K, reserved 1048576K
}
Event: 1.574 GC heap before
{Heap before GC invocations=3 (full 0):
 PSYoungGen      total 29696K, used 29691K [0x00000000eab00000, 0x00000000ecc00000, 0x0000000100000000)
  eden space 25600K, 100% used [0x00000000eab00000,0x00000000ec400000,0x00000000ec400000)
  from space 4096K, 99% used [0x00000000ec800000,0x00000000ecbfeca8,0x00000000ecc00000)
  to   space 4096K, 0% used [0x00000000ec400000,0x00000000ec400000,0x00000000ec800000)
 ParOldGen       total 68608K, used 1149K [0x00000000c0000000, 0x00000000c4300000, 0x00000000eab00000)
  object space 68608K, 1% used [0x00000000c0000000,0x00000000c011f408,0x00000000c4300000)
 Metaspace       used 18087K, committed 18432K, reserved 1073152K
  class space    used 1842K, committed 1984K, reserved 1048576K
}
Event: 1.580 GC heap after
{Heap after GC invocations=3 (full 0):
 PSYoungGen      total 29696K, used 4068K [0x00000000eab00000, 0x00000000ecc00000, 0x0000000100000000)
  eden space 25600K, 0% used [0x00000000eab00000,0x00000000eab00000,0x00000000ec400000)
  from space 4096K, 99% used [0x00000000ec400000,0x00000000ec7f9170,0x00000000ec800000)
  to   space 4096K, 0% used [0x00000000ec800000,0x00000000ec800000,0x00000000ecc00000)
 ParOldGen       total 68608K, used 5512K [0x00000000c0000000, 0x00000000c4300000, 0x00000000eab00000)
  object space 68608K, 8% used [0x00000000c0000000,0x00000000c0562248,0x00000000c4300000)
 Metaspace       used 18087K, committed 18432K, reserved 1073152K
  class space    used 1842K, committed 1984K, reserved 1048576K
}
Event: 1.777 GC heap before
{Heap before GC invocations=4 (full 0):
 PSYoungGen      total 29696K, used 18479K [0x00000000eab00000, 0x00000000ecc00000, 0x0000000100000000)
  eden space 25600K, 56% used [0x00000000eab00000,0x00000000eb912e30,0x00000000ec400000)
  from space 4096K, 99% used [0x00000000ec400000,0x00000000ec7f9170,0x00000000ec800000)
  to   space 4096K, 0% used [0x00000000ec800000,0x00000000ec800000,0x00000000ecc00000)
 ParOldGen       total 68608K, used 5512K [0x00000000c0000000, 0x00000000c4300000, 0x00000000eab00000)
  object space 68608K, 8% used [0x00000000c0000000,0x00000000c0562248,0x00000000c4300000)
 Metaspace       used 21029K, committed 21504K, reserved 1073152K
  class space    used 2139K, committed 2368K, reserved 1048576K
}
Event: 1.779 GC heap after
{Heap after GC invocations=4 (full 0):
 PSYoungGen      total 29696K, used 4082K [0x00000000eab00000, 0x00000000ecc00000, 0x0000000100000000)
  eden space 25600K, 0% used [0x00000000eab00000,0x00000000eab00000,0x00000000ec400000)
  from space 4096K, 99% used [0x00000000ec800000,0x00000000ecbfc8f0,0x00000000ecc00000)
  to   space 4096K, 0% used [0x00000000ec400000,0x00000000ec400000,0x00000000ec800000)
 ParOldGen       total 68608K, used 6230K [0x00000000c0000000, 0x00000000c4300000, 0x00000000eab00000)
  object space 68608K, 9% used [0x00000000c0000000,0x00000000c0615920,0x00000000c4300000)
 Metaspace       used 21029K, committed 21504K, reserved 1073152K
  class space    used 2139K, committed 2368K, reserved 1048576K
}
Event: 1.779 GC heap before
{Heap before GC invocations=5 (full 1):
 PSYoungGen      total 29696K, used 4082K [0x00000000eab00000, 0x00000000ecc00000, 0x0000000100000000)
  eden space 25600K, 0% used [0x00000000eab00000,0x00000000eab00000,0x00000000ec400000)
  from space 4096K, 99% used [0x00000000ec800000,0x00000000ecbfc8f0,0x00000000ecc00000)
  to   space 4096K, 0% used [0x00000000ec400000,0x00000000ec400000,0x00000000ec800000)
 ParOldGen       total 68608K, used 6230K [0x00000000c0000000, 0x00000000c4300000, 0x00000000eab00000)
  object space 68608K, 9% used [0x00000000c0000000,0x00000000c0615920,0x00000000c4300000)
 Metaspace       used 21029K, committed 21504K, reserved 1073152K
  class space    used 2139K, committed 2368K, reserved 1048576K
}
Event: 1.794 GC heap after
{Heap after GC invocations=5 (full 1):
 PSYoungGen      total 29696K, used 0K [0x00000000eab00000, 0x00000000ecc00000, 0x0000000100000000)
  eden space 25600K, 0% used [0x00000000eab00000,0x00000000eab00000,0x00000000ec400000)
  from space 4096K, 0% used [0x00000000ec800000,0x00000000ec800000,0x00000000ecc00000)
  to   space 4096K, 0% used [0x00000000ec400000,0x00000000ec400000,0x00000000ec800000)
 ParOldGen       total 68608K, used 10081K [0x00000000c0000000, 0x00000000c4300000, 0x00000000eab00000)
  object space 68608K, 14% used [0x00000000c0000000,0x00000000c09d84b0,0x00000000c4300000)
 Metaspace       used 21029K, committed 21504K, reserved 1073152K
  class space    used 2139K, committed 2368K, reserved 1048576K
}
Event: 1.973 GC heap before
{Heap before GC invocations=6 (full 1):
 PSYoungGen      total 29696K, used 25600K [0x00000000eab00000, 0x00000000ecc00000, 0x0000000100000000)
  eden space 25600K, 100% used [0x00000000eab00000,0x00000000ec400000,0x00000000ec400000)
  from space 4096K, 0% used [0x00000000ec800000,0x00000000ec800000,0x00000000ecc00000)
  to   space 4096K, 0% used [0x00000000ec400000,0x00000000ec400000,0x00000000ec800000)
 ParOldGen       total 68608K, used 10081K [0x00000000c0000000, 0x00000000c4300000, 0x00000000eab00000)
  object space 68608K, 14% used [0x00000000c0000000,0x00000000c09d84b0,0x00000000c4300000)
 Metaspace       used 25105K, committed 25664K, reserved 1073152K
  class space    used 2455K, committed 2688K, reserved 1048576K
}
Event: 1.974 GC heap after
{Heap after GC invocations=6 (full 1):
 PSYoungGen      total 25600K, used 384K [0x00000000eab00000, 0x00000000ec880000, 0x0000000100000000)
  eden space 25088K, 0% used [0x00000000eab00000,0x00000000eab00000,0x00000000ec380000)
  from space 512K, 75% used [0x00000000ec400000,0x00000000ec460000,0x00000000ec480000)
  to   space 2560K, 0% used [0x00000000ec600000,0x00000000ec600000,0x00000000ec880000)
 ParOldGen       total 68608K, used 10089K [0x00000000c0000000, 0x00000000c4300000, 0x00000000eab00000)
  object space 68608K, 14% used [0x00000000c0000000,0x00000000c09da4b0,0x00000000c4300000)
 Metaspace       used 25105K, committed 25664K, reserved 1073152K
  class space    used 2455K, committed 2688K, reserved 1048576K
}
Event: 2.143 GC heap before
{Heap before GC invocations=7 (full 1):
 PSYoungGen      total 25600K, used 25472K [0x00000000eab00000, 0x00000000ec880000, 0x0000000100000000)
  eden space 25088K, 100% used [0x00000000eab00000,0x00000000ec380000,0x00000000ec380000)
  from space 512K, 75% used [0x00000000ec400000,0x00000000ec460000,0x00000000ec480000)
  to   space 2560K, 0% used [0x00000000ec600000,0x00000000ec600000,0x00000000ec880000)
 ParOldGen       total 68608K, used 10089K [0x00000000c0000000, 0x00000000c4300000, 0x00000000eab00000)
  object space 68608K, 14% used [0x00000000c0000000,0x00000000c09da4b0,0x00000000c4300000)
 Metaspace       used 27490K, committed 27968K, reserved 1081344K
  class space    used 2645K, committed 2880K, reserved 1048576K
}
Event: 2.145 GC heap after
{Heap after GC invocations=7 (full 1):
 PSYoungGen      total 26112K, used 1307K [0x00000000eab00000, 0x00000000ec780000, 0x0000000100000000)
  eden space 24576K, 0% used [0x00000000eab00000,0x00000000eab00000,0x00000000ec300000)
  from space 1536K, 85% used [0x00000000ec600000,0x00000000ec746f38,0x00000000ec780000)
  to   space 1536K, 0% used [0x00000000ec480000,0x00000000ec480000,0x00000000ec600000)
 ParOldGen       total 68608K, used 10097K [0x00000000c0000000, 0x00000000c4300000, 0x00000000eab00000)
  object space 68608K, 14% used [0x00000000c0000000,0x00000000c09dc4b0,0x00000000c4300000)
 Metaspace       used 27490K, committed 27968K, reserved 1081344K
  class space    used 2645K, committed 2880K, reserved 1048576K
}
Event: 2.491 GC heap before
{Heap before GC invocations=8 (full 1):
 PSYoungGen      total 26112K, used 25883K [0x00000000eab00000, 0x00000000ec780000, 0x0000000100000000)
  eden space 24576K, 100% used [0x00000000eab00000,0x00000000ec300000,0x00000000ec300000)
  from space 1536K, 85% used [0x00000000ec600000,0x00000000ec746f38,0x00000000ec780000)
  to   space 1536K, 0% used [0x00000000ec480000,0x00000000ec480000,0x00000000ec600000)
 ParOldGen       total 68608K, used 10097K [0x00000000c0000000, 0x00000000c4300000, 0x00000000eab00000)
  object space 68608K, 14% used [0x00000000c0000000,0x00000000c09dc4b0,0x00000000c4300000)
 Metaspace       used 31237K, committed 31808K, reserved 1081344K
  class space    used 3096K, committed 3392K, reserved 1048576K
}
Event: 2.495 GC heap after
{Heap after GC invocations=8 (full 1):
 PSYoungGen      total 25600K, used 1532K [0x00000000eab00000, 0x00000000eca80000, 0x0000000100000000)
  eden space 24064K, 0% used [0x00000000eab00000,0x00000000eab00000,0x00000000ec280000)
  from space 1536K, 99% used [0x00000000ec480000,0x00000000ec5ff210,0x00000000ec600000)
  to   space 4096K, 0% used [0x00000000ec680000,0x00000000ec680000,0x00000000eca80000)
 ParOldGen       total 68608K, used 11835K [0x00000000c0000000, 0x00000000c4300000, 0x00000000eab00000)
  object space 68608K, 17% used [0x00000000c0000000,0x00000000c0b8ecf0,0x00000000c4300000)
 Metaspace       used 31237K, committed 31808K, reserved 1081344K
  class space    used 3096K, committed 3392K, reserved 1048576K
}

Deoptimization events (20 events):
Event: 2.344 Thread 0x000002bf2f18e080 DEOPT PACKING pc=0x000002bf1a422dd6 sp=0x000000ff5fcf3930
Event: 2.344 Thread 0x000002bf2f18e080 DEOPT UNPACKING pc=0x000002bf19982843 sp=0x000000ff5fcf2db8 mode 0
Event: 2.364 Thread 0x000002bf2f18e080 DEOPT PACKING pc=0x000002bf1a422dd6 sp=0x000000ff5fcf37a0
Event: 2.364 Thread 0x000002bf2f18e080 DEOPT UNPACKING pc=0x000002bf19982843 sp=0x000000ff5fcf2c28 mode 0
Event: 2.432 Thread 0x000002bf2f18e080 Uncommon trap: trap_request=0xffffffde fr.pc=0x000002bf2151fd44 relative=0x0000000000000124
Event: 2.432 Thread 0x000002bf2f18e080 Uncommon trap: reason=class_check action=maybe_recompile pc=0x000002bf2151fd44 method=jdk.internal.misc.Unsafe.allocateUninitializedArray(Ljava/lang/Class;I)Ljava/lang/Object; @ 51 c2
Event: 2.432 Thread 0x000002bf2f18e080 DEOPT PACKING pc=0x000002bf2151fd44 sp=0x000000ff5fcf6d90
Event: 2.432 Thread 0x000002bf2f18e080 DEOPT UNPACKING pc=0x000002bf199820a3 sp=0x000000ff5fcf6d18 mode 2
Event: 2.432 Thread 0x000002bf2f18e080 Uncommon trap: trap_request=0xffffffde fr.pc=0x000002bf2151fd44 relative=0x0000000000000124
Event: 2.432 Thread 0x000002bf2f18e080 Uncommon trap: reason=class_check action=maybe_recompile pc=0x000002bf2151fd44 method=jdk.internal.misc.Unsafe.allocateUninitializedArray(Ljava/lang/Class;I)Ljava/lang/Object; @ 51 c2
Event: 2.432 Thread 0x000002bf2f18e080 DEOPT PACKING pc=0x000002bf2151fd44 sp=0x000000ff5fcf6d90
Event: 2.432 Thread 0x000002bf2f18e080 DEOPT UNPACKING pc=0x000002bf199820a3 sp=0x000000ff5fcf6d18 mode 2
Event: 2.432 Thread 0x000002bf2f18e080 Uncommon trap: trap_request=0xffffffde fr.pc=0x000002bf2151fd44 relative=0x0000000000000124
Event: 2.432 Thread 0x000002bf2f18e080 Uncommon trap: reason=class_check action=maybe_recompile pc=0x000002bf2151fd44 method=jdk.internal.misc.Unsafe.allocateUninitializedArray(Ljava/lang/Class;I)Ljava/lang/Object; @ 51 c2
Event: 2.432 Thread 0x000002bf2f18e080 DEOPT PACKING pc=0x000002bf2151fd44 sp=0x000000ff5fcf6d90
Event: 2.432 Thread 0x000002bf2f18e080 DEOPT UNPACKING pc=0x000002bf199820a3 sp=0x000000ff5fcf6d18 mode 2
Event: 2.432 Thread 0x000002bf2f18e080 Uncommon trap: trap_request=0xffffffde fr.pc=0x000002bf2151fd44 relative=0x0000000000000124
Event: 2.432 Thread 0x000002bf2f18e080 Uncommon trap: reason=class_check action=maybe_recompile pc=0x000002bf2151fd44 method=jdk.internal.misc.Unsafe.allocateUninitializedArray(Ljava/lang/Class;I)Ljava/lang/Object; @ 51 c2
Event: 2.432 Thread 0x000002bf2f18e080 DEOPT PACKING pc=0x000002bf2151fd44 sp=0x000000ff5fcf6d90
Event: 2.432 Thread 0x000002bf2f18e080 DEOPT UNPACKING pc=0x000002bf199820a3 sp=0x000000ff5fcf6d18 mode 2

Classes unloaded (0 events):
No events

Classes redefined (0 events):
No events

Internal exceptions (20 events):
Event: 1.060 Thread 0x000002bf16ca63f0 Exception <a 'java/lang/UnsatisfiedLinkError'{0x00000000ec0af970}: 'void org.eclipse.equinox.launcher.JNIBridge._update_splash()'> (0x00000000ec0af970) 
thrown [e:\jenkins\tmp\workspace\build\src\src\hotspot\share\prims\nativeLookup.cpp, line 543]
Event: 1.206 Thread 0x000002bf2deca460 Exception <a 'java/io/FileNotFoundException'{0x00000000eb2bc518}> (0x00000000eb2bc518) 
thrown [e:\jenkins\tmp\workspace\build\src\src\hotspot\share\prims\jni.cpp, line 516]
Event: 1.599 Thread 0x000002bf2deca460 Exception <a 'java/lang/NoSuchMethodError'{0x00000000eaca6978}: 'void java.lang.invoke.DirectMethodHandle$Holder.invokeInterface(java.lang.Object, java.lang.Object, java.lang.Object)'> (0x00000000eaca6978) 
thrown [e:\jenkins\tmp\workspace\build\src\src\hotspot\share\interpreter\linkResolver.cpp, line 766]
Event: 1.676 Thread 0x000002bf2deca460 Exception <a 'java/io/FileNotFoundException'{0x00000000eb15fb00}> (0x00000000eb15fb00) 
thrown [e:\jenkins\tmp\workspace\build\src\src\hotspot\share\prims\jni.cpp, line 516]
Event: 1.764 Thread 0x000002bf2deca460 Exception <a 'java/lang/NoSuchMethodError'{0x00000000eb7d0328}: 'int java.lang.invoke.DirectMethodHandle$Holder.invokeStaticInit(java.lang.Object, java.lang.Object, java.lang.Object)'> (0x00000000eb7d0328) 
thrown [e:\jenkins\tmp\workspace\build\src\src\hotspot\share\interpreter\linkResolver.cpp, line 766]
Event: 1.770 Thread 0x000002bf2deca460 Exception <a 'java/lang/IncompatibleClassChangeError'{0x00000000eb859dd0}: Found class java.lang.Object, but interface was expected> (0x00000000eb859dd0) 
thrown [e:\jenkins\tmp\workspace\build\src\src\hotspot\share\interpreter\linkResolver.cpp, line 833]
Event: 1.867 Thread 0x000002bf2deca460 Exception <a 'java/io/FileNotFoundException'{0x00000000eb883c80}> (0x00000000eb883c80) 
thrown [e:\jenkins\tmp\workspace\build\src\src\hotspot\share\prims\jni.cpp, line 516]
Event: 1.867 Thread 0x000002bf2deca460 Exception <a 'java/io/FileNotFoundException'{0x00000000eb884e00}> (0x00000000eb884e00) 
thrown [e:\jenkins\tmp\workspace\build\src\src\hotspot\share\prims\jni.cpp, line 516]
Event: 1.868 Thread 0x000002bf2deca460 Exception <a 'java/io/FileNotFoundException'{0x00000000eb885f88}> (0x00000000eb885f88) 
thrown [e:\jenkins\tmp\workspace\build\src\src\hotspot\share\prims\jni.cpp, line 516]
Event: 2.079 Thread 0x000002bf2deca460 Exception <a 'java/lang/ClassNotFoundException'{0x00000000ebe3a808}: com/sun/org/apache/xerces/internal/impl/msg/spi/DOMMessagesProvider> (0x00000000ebe3a808) 
thrown [e:\jenkins\tmp\workspace\build\src\src\hotspot\share\classfile\systemDictionary.cpp, line 256]
Event: 2.081 Thread 0x000002bf2deca460 Exception <a 'java/lang/ClassNotFoundException'{0x00000000ebe87fc0}: com/sun/org/apache/xerces/internal/impl/msg/spi/XMLSerializerMessagesProvider> (0x00000000ebe87fc0) 
thrown [e:\jenkins\tmp\workspace\build\src\src\hotspot\share\classfile\systemDictionary.cpp, line 256]
Event: 2.082 Thread 0x000002bf2deca460 Exception <a 'java/lang/ClassNotFoundException'{0x00000000ebea04b0}: com/sun/org/apache/xerces/internal/impl/msg/spi/XMLMessagesProvider> (0x00000000ebea04b0) 
thrown [e:\jenkins\tmp\workspace\build\src\src\hotspot\share\classfile\systemDictionary.cpp, line 256]
Event: 2.105 Thread 0x000002bf2f18e080 Exception <a 'java/lang/NoSuchMethodError'{0x00000000ec04cb10}: 'java.lang.Object java.lang.invoke.DirectMethodHandle$Holder.newInvokeSpecial(java.lang.Object, java.lang.Object, java.lang.Object, int)'> (0x00000000ec04cb10) 
thrown [e:\jenkins\tmp\workspace\build\src\src\hotspot\share\interpreter\linkResolver.cpp, line 766]
Event: 2.106 Thread 0x000002bf2f18e080 Exception <a 'java/lang/NoSuchMethodError'{0x00000000ec050c88}: 'java.lang.Object java.lang.invoke.DirectMethodHandle$Holder.invokeSpecial(java.lang.Object, java.lang.Object, java.lang.Object, java.lang.Object, int)'> (0x00000000ec050c88) 
thrown [e:\jenkins\tmp\workspace\build\src\src\hotspot\share\interpreter\linkResolver.cpp, line 766]
Event: 2.106 Thread 0x000002bf2f18e080 Exception <a 'java/lang/NoSuchMethodError'{0x00000000ec054660}: 'java.lang.Object java.lang.invoke.Invokers$Holder.linkToTargetMethod(java.lang.Object, java.lang.Object, int, java.lang.Object)'> (0x00000000ec054660) 
thrown [e:\jenkins\tmp\workspace\build\src\src\hotspot\share\interpreter\linkResolver.cpp, line 766]
Event: 2.154 Thread 0x000002bf2deca460 Exception <a 'sun/nio/fs/WindowsException'{0x00000000eab5bfa0}> (0x00000000eab5bfa0) 
thrown [e:\jenkins\tmp\workspace\build\src\src\hotspot\share\prims\jni.cpp, line 516]
Event: 2.246 Thread 0x000002bf2deca460 Exception <a 'java/lang/ClassNotFoundException'{0x00000000eb1931d8}: com/sun/org/apache/xml/internal/serializer/spi/XMLEntitiesProvider> (0x00000000eb1931d8) 
thrown [e:\jenkins\tmp\workspace\build\src\src\hotspot\share\classfile\systemDictionary.cpp, line 256]
Event: 2.449 Thread 0x000002bf2f18e080 Exception <a 'java/lang/NoSuchMethodError'{0x00000000ec05b828}: 'void java.lang.invoke.DirectMethodHandle$Holder.invokeSpecial(java.lang.Object, java.lang.Object, java.lang.Object, int)'> (0x00000000ec05b828) 
thrown [e:\jenkins\tmp\workspace\build\src\src\hotspot\share\interpreter\linkResolver.cpp, line 766]
Event: 2.507 Thread 0x000002bf2f18e080 Exception <a 'java/lang/NoSuchMethodError'{0x00000000eabda0b8}: static Lorg/eclipse/m2e/core/internal/lifecyclemapping/model/PluginExecutionMetadata;.<clinit>()V> (0x00000000eabda0b8) 
thrown [e:\jenkins\tmp\workspace\build\src\src\hotspot\share\prims\jni.cpp, line 1107]
Event: 2.512 Thread 0x000002bf2f18e080 Exception <a 'java/lang/NoSuchMethodError'{0x00000000eac28ab8}: static Lorg/eclipse/m2e/core/internal/lifecyclemapping/model/PluginExecutionFilter;.<clinit>()V> (0x00000000eac28ab8) 
thrown [e:\jenkins\tmp\workspace\build\src\src\hotspot\share\prims\jni.cpp, line 1107]

VM Operations (20 events):
Event: 1.587 Executing VM operation: HandshakeAllThreads
Event: 1.587 Executing VM operation: HandshakeAllThreads done
Event: 1.589 Executing VM operation: HandshakeAllThreads
Event: 1.589 Executing VM operation: HandshakeAllThreads done
Event: 1.776 Executing VM operation: CollectForMetadataAllocation
Event: 1.794 Executing VM operation: CollectForMetadataAllocation done
Event: 1.973 Executing VM operation: ParallelGCFailedAllocation
Event: 1.974 Executing VM operation: ParallelGCFailedAllocation done
Event: 2.136 Executing VM operation: HandshakeAllThreads
Event: 2.136 Executing VM operation: HandshakeAllThreads done
Event: 2.143 Executing VM operation: ParallelGCFailedAllocation
Event: 2.145 Executing VM operation: ParallelGCFailedAllocation done
Event: 2.163 Executing VM operation: HandshakeAllThreads
Event: 2.163 Executing VM operation: HandshakeAllThreads done
Event: 2.244 Executing VM operation: HandshakeAllThreads
Event: 2.244 Executing VM operation: HandshakeAllThreads done
Event: 2.276 Executing VM operation: HandshakeAllThreads
Event: 2.276 Executing VM operation: HandshakeAllThreads done
Event: 2.491 Executing VM operation: ParallelGCFailedAllocation
Event: 2.495 Executing VM operation: ParallelGCFailedAllocation done

Events (20 events):
Event: 2.502 loading class java/util/function/UnaryOperator
Event: 2.502 loading class java/util/function/UnaryOperator done
Event: 2.506 loading class java/io/ObjectStreamClass$1
Event: 2.506 loading class java/io/ObjectStreamClass$1 done
Event: 2.506 loading class java/io/ObjectStreamClass$MemberSignature
Event: 2.507 loading class java/io/ObjectStreamClass$MemberSignature done
Event: 2.507 loading class java/io/ObjectStreamClass$3
Event: 2.507 loading class java/io/ObjectStreamClass$3 done
Event: 2.507 loading class java/io/ObjectStreamClass$4
Event: 2.507 loading class java/io/ObjectStreamClass$4 done
Event: 2.507 loading class java/io/ObjectStreamClass$5
Event: 2.507 loading class java/io/ObjectStreamClass$5 done
Event: 2.515 loading class java/io/StreamCorruptedException
Event: 2.515 loading class java/io/ObjectStreamException
Event: 2.515 loading class java/io/ObjectStreamException done
Event: 2.515 loading class java/io/StreamCorruptedException done
Event: 2.516 loading class java/io/PrintWriter
Event: 2.516 loading class java/io/PrintWriter done
Event: 2.516 loading class java/util/InvalidPropertiesFormatException
Event: 2.516 loading class java/util/InvalidPropertiesFormatException done


Dynamic libraries:
0x00007ff78ae50000 - 0x00007ff78ae5e000 	c:\Users\erosg\.vscode\extensions\redhat.java-1.3.0\jre\17.0.1-win32-x86_64\bin\java.exe
0x00007ff9161f0000 - 0x00007ff9163e5000 	C:\WINDOWS\SYSTEM32\ntdll.dll
0x00007ff915170000 - 0x00007ff91522e000 	C:\WINDOWS\System32\KERNEL32.DLL
0x00007ff913f70000 - 0x00007ff914238000 	C:\WINDOWS\System32\KERNELBASE.dll
0x00007ff913e70000 - 0x00007ff913f70000 	C:\WINDOWS\System32\ucrtbase.dll
0x00007ff900840000 - 0x00007ff900858000 	c:\Users\erosg\.vscode\extensions\redhat.java-1.3.0\jre\17.0.1-win32-x86_64\bin\jli.dll
0x00007ff8ffed0000 - 0x00007ff8ffee9000 	c:\Users\erosg\.vscode\extensions\redhat.java-1.3.0\jre\17.0.1-win32-x86_64\bin\VCRUNTIME140.dll
0x00007ff914650000 - 0x00007ff9147f0000 	C:\WINDOWS\System32\USER32.dll
0x00007ff913db0000 - 0x00007ff913dd2000 	C:\WINDOWS\System32\win32u.dll
0x00007ff902890000 - 0x00007ff902b2a000 	C:\WINDOWS\WinSxS\amd64_microsoft.windows.common-controls_6595b64144ccf1df_6.0.19041.1110_none_60b5254171f9507e\COMCTL32.dll
0x00007ff915f00000 - 0x00007ff915f2b000 	C:\WINDOWS\System32\GDI32.dll
0x00007ff914c70000 - 0x00007ff914d0e000 	C:\WINDOWS\System32\msvcrt.dll
0x00007ff913970000 - 0x00007ff913a7d000 	C:\WINDOWS\System32\gdi32full.dll
0x00007ff913a80000 - 0x00007ff913b1d000 	C:\WINDOWS\System32\msvcp_win.dll
0x00007ff915230000 - 0x00007ff915260000 	C:\WINDOWS\System32\IMM32.DLL
0x00007ff90de00000 - 0x00007ff90de0c000 	c:\Users\erosg\.vscode\extensions\redhat.java-1.3.0\jre\17.0.1-win32-x86_64\bin\vcruntime140_1.dll
0x00007ff8cd5b0000 - 0x00007ff8cd641000 	c:\Users\erosg\.vscode\extensions\redhat.java-1.3.0\jre\17.0.1-win32-x86_64\bin\msvcp140.dll
0x00007ff87d1c0000 - 0x00007ff87de06000 	c:\Users\erosg\.vscode\extensions\redhat.java-1.3.0\jre\17.0.1-win32-x86_64\bin\server\jvm.dll
0x00007ff914e40000 - 0x00007ff914eee000 	C:\WINDOWS\System32\ADVAPI32.dll
0x00007ff916110000 - 0x00007ff9161ac000 	C:\WINDOWS\System32\sechost.dll
0x00007ff914d10000 - 0x00007ff914e35000 	C:\WINDOWS\System32\RPCRT4.dll
0x00007ff9152d0000 - 0x00007ff9152d8000 	C:\WINDOWS\System32\PSAPI.DLL
0x00007ff8fd150000 - 0x00007ff8fd159000 	C:\WINDOWS\SYSTEM32\WSOCK32.dll
0x00007ff8ff240000 - 0x00007ff8ff267000 	C:\WINDOWS\SYSTEM32\WINMM.dll
0x00007ff909a80000 - 0x00007ff909a8a000 	C:\WINDOWS\SYSTEM32\VERSION.dll
0x00007ff915e00000 - 0x00007ff915e6b000 	C:\WINDOWS\System32\WS2_32.dll
0x00007ff9121b0000 - 0x00007ff9121c2000 	C:\WINDOWS\SYSTEM32\kernel.appcore.dll
0x00007ff900900000 - 0x00007ff90090a000 	c:\Users\erosg\.vscode\extensions\redhat.java-1.3.0\jre\17.0.1-win32-x86_64\bin\jimage.dll
0x00007ff911eb0000 - 0x00007ff912094000 	C:\WINDOWS\SYSTEM32\DBGHELP.DLL
0x00007ff907e20000 - 0x00007ff907e4c000 	C:\WINDOWS\SYSTEM32\dbgcore.DLL
0x00007ff913de0000 - 0x00007ff913e62000 	C:\WINDOWS\System32\bcryptPrimitives.dll
0x00007ff900830000 - 0x00007ff90083e000 	c:\Users\erosg\.vscode\extensions\redhat.java-1.3.0\jre\17.0.1-win32-x86_64\bin\instrument.dll
0x00007ff8f8120000 - 0x00007ff8f8145000 	c:\Users\erosg\.vscode\extensions\redhat.java-1.3.0\jre\17.0.1-win32-x86_64\bin\java.dll
0x00007ff8fe6a0000 - 0x00007ff8fe6b8000 	c:\Users\erosg\.vscode\extensions\redhat.java-1.3.0\jre\17.0.1-win32-x86_64\bin\zip.dll
0x00007ff915340000 - 0x00007ff915a84000 	C:\WINDOWS\System32\SHELL32.dll
0x00007ff911640000 - 0x00007ff911dd4000 	C:\WINDOWS\SYSTEM32\windows.storage.dll
0x00007ff9142f0000 - 0x00007ff914645000 	C:\WINDOWS\System32\combase.dll
0x00007ff913350000 - 0x00007ff91337e000 	C:\WINDOWS\SYSTEM32\Wldp.dll
0x00007ff914240000 - 0x00007ff9142ed000 	C:\WINDOWS\System32\SHCORE.dll
0x00007ff915a90000 - 0x00007ff915ae5000 	C:\WINDOWS\System32\shlwapi.dll
0x00007ff913840000 - 0x00007ff91385f000 	C:\WINDOWS\SYSTEM32\profapi.dll
0x00007ff8fe5d0000 - 0x00007ff8fe5e9000 	C:\Users\erosg\.vscode\extensions\redhat.java-1.3.0\jre\17.0.1-win32-x86_64\bin\net.dll
0x00007ff907ed0000 - 0x00007ff907fdc000 	C:\WINDOWS\SYSTEM32\WINHTTP.dll
0x00007ff9130b0000 - 0x00007ff91311a000 	C:\WINDOWS\system32\mswsock.dll
0x00007ff8fca50000 - 0x00007ff8fca65000 	C:\Users\erosg\.vscode\extensions\redhat.java-1.3.0\jre\17.0.1-win32-x86_64\bin\nio.dll
0x00007ff8ffea0000 - 0x00007ff8ffeb0000 	c:\Users\erosg\.vscode\extensions\redhat.java-1.3.0\jre\17.0.1-win32-x86_64\bin\verify.dll
0x00007ff9132a0000 - 0x00007ff9132b8000 	C:\WINDOWS\SYSTEM32\CRYPTSP.dll
0x00007ff9129c0000 - 0x00007ff9129f4000 	C:\WINDOWS\system32\rsaenh.dll
0x00007ff913d30000 - 0x00007ff913d57000 	C:\WINDOWS\System32\bcrypt.dll
0x00007ff9137c0000 - 0x00007ff9137ee000 	C:\WINDOWS\SYSTEM32\USERENV.dll
0x00007ff9132c0000 - 0x00007ff9132cc000 	C:\WINDOWS\SYSTEM32\CRYPTBASE.dll
0x00007ff912d30000 - 0x00007ff912d6b000 	C:\WINDOWS\SYSTEM32\IPHLPAPI.DLL
0x00007ff915ef0000 - 0x00007ff915ef8000 	C:\WINDOWS\System32\NSI.dll
0x00007ff909c50000 - 0x00007ff909c67000 	C:\WINDOWS\SYSTEM32\dhcpcsvc6.DLL
0x00007ff909c30000 - 0x00007ff909c4d000 	C:\WINDOWS\SYSTEM32\dhcpcsvc.DLL
0x00007ff912da0000 - 0x00007ff912e6b000 	C:\WINDOWS\SYSTEM32\DNSAPI.dll
0x00007ff8e0ad0000 - 0x00007ff8e0b0e000 	C:\Users\erosg\AppData\Roaming\Code\User\globalStorage\redhat.java\1.3.0\config_win\org.eclipse.equinox.launcher\org.eclipse.equinox.launcher.win32.win32.x86_64_1.2.400.v20211117-0650\eclipse_11602.dll
0x00007ff915f30000 - 0x00007ff91605a000 	C:\WINDOWS\System32\ole32.dll

dbghelp: loaded successfully - version: 4.0.5 - missing functions: none
symbol engine: initialized successfully - sym options: 0x614 - pdb path: .;c:\Users\erosg\.vscode\extensions\redhat.java-1.3.0\jre\17.0.1-win32-x86_64\bin;C:\WINDOWS\SYSTEM32;C:\WINDOWS\WinSxS\amd64_microsoft.windows.common-controls_6595b64144ccf1df_6.0.19041.1110_none_60b5254171f9507e;c:\Users\erosg\.vscode\extensions\redhat.java-1.3.0\jre\17.0.1-win32-x86_64\bin\server;C:\Users\erosg\AppData\Roaming\Code\User\globalStorage\redhat.java\1.3.0\config_win\org.eclipse.equinox.launcher\org.eclipse.equinox.launcher.win32.win32.x86_64_1.2.400.v20211117-0650

VM Arguments:
jvm_args: --add-modules=ALL-SYSTEM --add-opens=java.base/java.util=ALL-UNNAMED --add-opens=java.base/java.lang=ALL-UNNAMED --add-opens=java.base/sun.nio.fs=ALL-UNNAMED -Declipse.application=org.eclipse.jdt.ls.core.id1 -Dosgi.bundles.defaultStartLevel=4 -Declipse.product=org.eclipse.jdt.ls.core.product -Djava.import.generatesMetadataFilesAtProjectRoot=false -Dfile.encoding=utf8 -DwatchParentProcess=false -XX:+UseParallelGC -XX:GCTimeRatio=4 -XX:AdaptiveSizePolicyWeight=90 -Dsun.zip.disableMemoryMapping=true -Xmx1G -Xms100m -javaagent:c:\Users\erosg\.vscode\extensions\gabrielbb.vscode-lombok-1.0.1\server\lombok.jar -XX:+HeapDumpOnOutOfMemoryError -XX:HeapDumpPath=c:\Users\erosg\AppData\Roaming\Code\User\workspaceStorage\f3a2a6303255aa17c9f66030785b2c36\redhat.java 
java_command: c:\Users\erosg\.vscode\extensions\redhat.java-1.3.0\server\plugins\org.eclipse.equinox.launcher_1.6.400.v20210924-0641.jar -configuration c:\Users\erosg\AppData\Roaming\Code\User\globalStorage\redhat.java\1.3.0\config_win -data c:\Users\erosg\AppData\Roaming\Code\User\workspaceStorage\f3a2a6303255aa17c9f66030785b2c36\redhat.java\jdt_ws
java_class_path (initial): c:\Users\erosg\.vscode\extensions\redhat.java-1.3.0\server\plugins\org.eclipse.equinox.launcher_1.6.400.v20210924-0641.jar
Launcher Type: SUN_STANDARD

[Global flags]
    uintx AdaptiveSizePolicyWeight                 = 90                                        {product} {command line}
     intx CICompilerCount                          = 4                                         {product} {ergonomic}
    uintx GCTimeRatio                              = 4                                         {product} {command line}
     bool HeapDumpOnOutOfMemoryError               = true                                   {manageable} {command line}
    ccstr HeapDumpPath                             = c:\Users\erosg\AppData\Roaming\Code\User\workspaceStorage\f3a2a6303255aa17c9f66030785b2c36\redhat.java         {manageable} {command line}
   size_t InitialHeapSize                          = 104857600                                 {product} {command line}
   size_t MaxHeapSize                              = 1073741824                                {product} {command line}
   size_t MaxNewSize                               = 357564416                                 {product} {ergonomic}
   size_t MinHeapDeltaBytes                        = 524288                                    {product} {ergonomic}
   size_t MinHeapSize                              = 104857600                                 {product} {command line}
   size_t NewSize                                  = 34603008                                  {product} {ergonomic}
    uintx NonNMethodCodeHeapSize                   = 5839372                                {pd product} {ergonomic}
    uintx NonProfiledCodeHeapSize                  = 122909434                              {pd product} {ergonomic}
   size_t OldSize                                  = 70254592                                  {product} {ergonomic}
    uintx ProfiledCodeHeapSize                     = 122909434                              {pd product} {ergonomic}
    uintx ReservedCodeCacheSize                    = 251658240                              {pd product} {ergonomic}
     bool SegmentedCodeCache                       = true                                      {product} {ergonomic}
   size_t SoftMaxHeapSize                          = 1073741824                             {manageable} {ergonomic}
     bool UseCompressedClassPointers               = true                           {product lp64_product} {ergonomic}
     bool UseCompressedOops                        = true                           {product lp64_product} {ergonomic}
     bool UseLargePagesIndividualAllocation        = false                                  {pd product} {ergonomic}
     bool UseParallelGC                            = true                                      {product} {command line}

Logging:
Log output configuration:
 #0: stdout all=warning uptime,level,tags
 #1: stderr all=off uptime,level,tags

Environment Variables:
JAVA_HOME=D:\Documentos\A1.UNIVERSIDAD\IW\JAVA\jdk-11
PATH=D:\Program Files (x86)\36;D:\Program Files (x86)\36\gbin;D:\Programas\Oracle\dbhomeXE\bin;C:\Program Files (x86)\Common Files\Intel\Shared Libraries\redist\intel64\compiler;D:\Documentos\A1.UNIVERSIDAD\IW\JAVA\jdk-11\bin;C:\Program Files (x86)\Common Files\Oracle\Java\javapath;C:\ProgramData\Oracle\Java\javapath;C:\Program Files (x86)\Intel\Intel(R) Management Engine Components\iCLS\;C:\Program Files\Intel\Intel(R) Management Engine Components\iCLS\;C:\Windows\system32;C:\Windows;C:\Windows\System32\Wbem;C:\Windows\System32\WindowsPowerShell\v1.0\;C:\Windows\System32\OpenSSH\;C:\Program Files (x86)\Intel\Intel(R) Management Engine Components\DAL;C:\Program Files\Intel\Intel(R) Management Engine Components\DAL;C:\Program Files\Intel\WiFi\bin\;C:\Program Files\Common Files\Intel\WirelessCommon\;C:\Program Files\dotnet\;C:\Program Files\NVIDIA Corporation\NVIDIA NvDLISR;C:\Program Files (x86)\NVIDIA Corporation\PhysX\Common;C:\WINDOWS\system32;C:\WINDOWS;C:\WINDOWS\System32\Wbem;C:\WINDOWS\System32\WindowsPowerShell\v1.0\;C:\WINDOWS\System32\OpenSSH\;D:\Programas\AutoFirma\AutoFirma;C:\Program Files\SourceGear\Common\DiffMerge\;D:\Programas\Putty\;D:\Documentos\A1.UNIVERSIDAD\IW\JAVA\apache-maven-3.8.4\bin;D:\Programas\NodeJS\;D:\Programas\Python\Scripts\;D:\Programas\Python\;C:\Users\erosg\AppData\Local\Microsoft\WindowsApps;D:\Programas\Microsoft VS Code\bin;D:\Documentos\A1.UNIVERSIDAD\IW\JAVA\jdk-11\bin;D:\Programas\ModelSim\win32pe_edu;D:\Programas\FC\EclipseARM\sourcery-g++-lite-arm-2011.03\bin;C:\Users\erosg\AppData\Local\GitHubDesktop\bin;D:\Documentos\A1.UNIVERSIDAD\IW\JAVA\apache-maven-3.8.4\bin;D:\Programas\JavaJDK;C:\Users\erosg\AppData\Roaming\npm
USERNAME=erosg
OS=Windows_NT
PROCESSOR_IDENTIFIER=Intel64 Family 6 Model 158 Stepping 10, GenuineIntel



---------------  S Y S T E M  ---------------

OS:
 Windows 10 , 64 bit Build 19041 (10.0.19041.1503)
OS uptime: 0 days 13:41 hours

CPU: total 12 (initial active 12) (6 cores per cpu, 2 threads per core) family 6 model 158 stepping 10 microcode 0xd2, cx8, cmov, fxsr, ht, mmx, 3dnowpref, sse, sse2, sse3, ssse3, sse4.1, sse4.2, popcnt, lzcnt, tsc, tscinvbit, avx, avx2, aes, erms, clmul, bmi1, bmi2, adx, fma, vzeroupper, clflush, clflushopt

Memory: 4k page, system-wide physical 16238M (3342M free)
TotalPageFile size 24430M (AvailPageFile size 10M)
current process WorkingSet (physical memory assigned to process): 190M, peak: 200M
current process commit charge ("private bytes"): 307M, peak: 316M

vm_info: OpenJDK 64-Bit Server VM (17.0.1+12) for windows-amd64 JRE (17.0.1+12), built on Oct 20 2021 07:42:55 by "" with MS VC++ 16.7 (VS2019)

END.
