#
# There is insufficient memory for the Java Runtime Environment to continue.
# Native memory allocation (mmap) failed to map 65536 bytes for Failed to commit metaspace.
# Possible reasons:
#   The system is out of physical RAM or swap space
#   The process is running with CompressedOops enabled, and the Java Heap may be blocking the growth of the native heap
# Possible solutions:
#   Reduce memory load on the system
#   Increase physical memory or swap space
#   Check if swap backing store is full
#   Decrease Java heap size (-Xmx/-Xms)
#   Decrease number of Java threads
#   Decrease Java thread stack sizes (-Xss)
#   Set larger code cache with -XX:ReservedCodeCacheSize=
#   JVM is running with Unscaled Compressed Oops mode in which the Java heap is
#     placed in the first 4GB address space. The Java Heap base address is the
#     maximum limit for the native heap growth. Please use -XX:HeapBaseMinAddress
#     to set the Java Heap base and to place the Java Heap above 4GB virtual address.
# This output file may be truncated or incomplete.
#
#  Out of Memory Error (virtualSpaceNode.cpp:110), pid=21860, tid=21864
#
# JRE version: OpenJDK Runtime Environment Temurin-17.0.1+12 (17.0.1+12) (build 17.0.1+12)
# Java VM: OpenJDK 64-Bit Server VM Temurin-17.0.1+12 (17.0.1+12, mixed mode, tiered, compressed oops, compressed class ptrs, parallel gc, windows-amd64)
# No core dump will be written. Minidumps are not enabled by default on client versions of Windows
#

---------------  S U M M A R Y ------------

Command Line: --add-modules=ALL-SYSTEM --add-opens=java.base/java.util=ALL-UNNAMED --add-opens=java.base/java.lang=ALL-UNNAMED --add-opens=java.base/sun.nio.fs=ALL-UNNAMED -Declipse.application=org.eclipse.jdt.ls.core.id1 -Dosgi.bundles.defaultStartLevel=4 -Declipse.product=org.eclipse.jdt.ls.core.product -Djava.import.generatesMetadataFilesAtProjectRoot=false -Dfile.encoding=utf8 -DwatchParentProcess=false -XX:+UseParallelGC -XX:GCTimeRatio=4 -XX:AdaptiveSizePolicyWeight=90 -Dsun.zip.disableMemoryMapping=true -Xmx1G -Xms100m -javaagent:c:\Users\erosg\.vscode\extensions\gabrielbb.vscode-lombok-1.0.1\server\lombok.jar -XX:+HeapDumpOnOutOfMemoryError -XX:HeapDumpPath=c:\Users\erosg\AppData\Roaming\Code\User\workspaceStorage\f3a2a6303255aa17c9f66030785b2c36\redhat.java c:\Users\erosg\.vscode\extensions\redhat.java-1.3.0\server\plugins\org.eclipse.equinox.launcher_1.6.400.v20210924-0641.jar -configuration c:\Users\erosg\AppData\Roaming\Code\User\globalStorage\redhat.java\1.3.0\config_win -data c:\Users\erosg\AppData\Roaming\Code\User\workspaceStorage\f3a2a6303255aa17c9f66030785b2c36\redhat.java\jdt_ws

Host: Intel(R) Core(TM) i7-8750H CPU @ 2.20GHz, 12 cores, 15G,  Windows 10 , 64 bit Build 19041 (10.0.19041.1503)
Time: Sun Feb 20 00:43:41 2022 Hora estándar romance elapsed time: 0.813007 seconds (0d 0h 0m 0s)

---------------  T H R E A D  ---------------

Current thread (0x00000180df1160c0):  JavaThread "main" [_thread_in_vm, id=21864, stack(0x0000002e8a700000,0x0000002e8a800000)]

Stack: [0x0000002e8a700000,0x0000002e8a800000]
Native frames: (J=compiled Java code, j=interpreted, Vv=VM code, C=native code)
V  [jvm.dll+0x6744da]
V  [jvm.dll+0x82e144]
V  [jvm.dll+0x82f8ee]
V  [jvm.dll+0x82ff53]
V  [jvm.dll+0x245175]
V  [jvm.dll+0x82a0eb]
V  [jvm.dll+0x619566]
V  [jvm.dll+0x1bff1e]
V  [jvm.dll+0x61beb1]
V  [jvm.dll+0x619f06]
V  [jvm.dll+0x623b87]
V  [jvm.dll+0x1e9e4b]
V  [jvm.dll+0x1ea385]
V  [jvm.dll+0x1eadbf]
V  [jvm.dll+0x1e0261]
V  [jvm.dll+0x53b150]
V  [jvm.dll+0x7a9378]
V  [jvm.dll+0x7a9464]
V  [jvm.dll+0x40bfd5]
V  [jvm.dll+0x4121c8]
C  [java.dll+0x17ec]

Java frames: (J=compiled Java code, j=interpreted, Vv=VM code)
j  java.lang.ClassLoader.defineClass1(Ljava/lang/ClassLoader;Ljava/lang/String;[BIILjava/security/ProtectionDomain;Ljava/lang/String;)Ljava/lang/Class;+0 java.base@17.0.1
j  java.lang.ClassLoader.defineClass(Ljava/lang/String;[BIILjava/security/ProtectionDomain;)Ljava/lang/Class;+27 java.base@17.0.1
j  java.lang.ClassLoader.defineClass(Ljava/lang/String;[BII)Ljava/lang/Class;+7 java.base@17.0.1
j  lombok.launch.ShadowClassLoader.loadClass(Ljava/lang/String;Z)Ljava/lang/Class;+319
j  java.lang.ClassLoader.loadClass(Ljava/lang/String;)Ljava/lang/Class;+3 java.base@17.0.1
v  ~StubRoutines::call_stub
j  lombok.patcher.scripts.ScriptBuilder.wrapMethodCall()Llombok/patcher/scripts/ScriptBuilder$WrapMethodCallBuilder;+0
j  lombok.eclipse.agent.EclipsePatcher.patchRetrieveRightBraceOrSemiColonPosition(Llombok/patcher/ScriptManager;)V+1
j  lombok.eclipse.agent.EclipsePatcher.registerPatchScripts(Ljava/lang/instrument/Instrumentation;ZZLjava/lang/Class;)V+73
j  lombok.eclipse.agent.EclipsePatcher.runAgent(Ljava/lang/String;Ljava/lang/instrument/Instrumentation;ZLjava/lang/Class;)V+135
j  lombok.core.AgentLauncher.runAgents(Ljava/lang/String;Ljava/lang/instrument/Instrumentation;ZLjava/lang/Class;)V+62
v  ~StubRoutines::call_stub
j  jdk.internal.reflect.NativeMethodAccessorImpl.invoke0(Ljava/lang/reflect/Method;Ljava/lang/Object;[Ljava/lang/Object;)Ljava/lang/Object;+0 java.base@17.0.1
j  jdk.internal.reflect.NativeMethodAccessorImpl.invoke(Ljava/lang/Object;[Ljava/lang/Object;)Ljava/lang/Object;+133 java.base@17.0.1
j  jdk.internal.reflect.DelegatingMethodAccessorImpl.invoke(Ljava/lang/Object;[Ljava/lang/Object;)Ljava/lang/Object;+6 java.base@17.0.1
j  java.lang.reflect.Method.invoke(Ljava/lang/Object;[Ljava/lang/Object;)Ljava/lang/Object;+59 java.base@17.0.1
j  lombok.launch.Agent.runLauncher(Ljava/lang/String;Ljava/lang/instrument/Instrumentation;Z)V+73
j  lombok.launch.Agent.premain(Ljava/lang/String;Ljava/lang/instrument/Instrumentation;)V+3
v  ~StubRoutines::call_stub
j  jdk.internal.reflect.NativeMethodAccessorImpl.invoke0(Ljava/lang/reflect/Method;Ljava/lang/Object;[Ljava/lang/Object;)Ljava/lang/Object;+0 java.base@17.0.1
j  jdk.internal.reflect.NativeMethodAccessorImpl.invoke(Ljava/lang/Object;[Ljava/lang/Object;)Ljava/lang/Object;+133 java.base@17.0.1
j  jdk.internal.reflect.DelegatingMethodAccessorImpl.invoke(Ljava/lang/Object;[Ljava/lang/Object;)Ljava/lang/Object;+6 java.base@17.0.1
j  java.lang.reflect.Method.invoke(Ljava/lang/Object;[Ljava/lang/Object;)Ljava/lang/Object;+59 java.base@17.0.1
j  sun.instrument.InstrumentationImpl.loadClassAndStartAgent(Ljava/lang/String;Ljava/lang/String;Ljava/lang/String;)V+166 java.instrument@17.0.1
j  sun.instrument.InstrumentationImpl.loadClassAndCallPremain(Ljava/lang/String;Ljava/lang/String;)V+6 java.instrument@17.0.1
v  ~StubRoutines::call_stub

---------------  P R O C E S S  ---------------

Threads class SMR info:
_java_thread_list=0x00000180f4e4f2b0, length=12, elements={
0x00000180df1160c0, 0x00000180f2f959c0, 0x00000180f2f96f90, 0x00000180f2f989a0,
0x00000180f2f99550, 0x00000180f2f9b1f0, 0x00000180f2f9e350, 0x00000180f4ce6410,
0x00000180f4ce6d10, 0x00000180f4d35db0, 0x00000180f4dea030, 0x00000180f4eae5c0
}

Java Threads: ( => current thread )
=>0x00000180df1160c0 JavaThread "main" [_thread_in_vm, id=21864, stack(0x0000002e8a700000,0x0000002e8a800000)]
  0x00000180f2f959c0 JavaThread "Reference Handler" daemon [_thread_blocked, id=12984, stack(0x0000002e8aa00000,0x0000002e8ab00000)]
  0x00000180f2f96f90 JavaThread "Finalizer" daemon [_thread_blocked, id=19760, stack(0x0000002e8ab00000,0x0000002e8ac00000)]
  0x00000180f2f989a0 JavaThread "Signal Dispatcher" daemon [_thread_blocked, id=16944, stack(0x0000002e8ac00000,0x0000002e8ad00000)]
  0x00000180f2f99550 JavaThread "Attach Listener" daemon [_thread_blocked, id=944, stack(0x0000002e8ad00000,0x0000002e8ae00000)]
  0x00000180f2f9b1f0 JavaThread "Service Thread" daemon [_thread_blocked, id=3628, stack(0x0000002e8ae00000,0x0000002e8af00000)]
  0x00000180f2f9e350 JavaThread "Monitor Deflation Thread" daemon [_thread_blocked, id=23476, stack(0x0000002e8af00000,0x0000002e8b000000)]
  0x00000180f4ce6410 JavaThread "C2 CompilerThread0" daemon [_thread_blocked, id=15428, stack(0x0000002e8b000000,0x0000002e8b100000)]
  0x00000180f4ce6d10 JavaThread "C1 CompilerThread0" daemon [_thread_blocked, id=3276, stack(0x0000002e8b100000,0x0000002e8b200000)]
  0x00000180f4d35db0 JavaThread "Sweeper thread" daemon [_thread_blocked, id=23784, stack(0x0000002e8b200000,0x0000002e8b300000)]
  0x00000180f4dea030 JavaThread "Common-Cleaner" daemon [_thread_blocked, id=4780, stack(0x0000002e8b300000,0x0000002e8b400000)]
  0x00000180f4eae5c0 JavaThread "C2 CompilerThread1" daemon [_thread_blocked, id=15556, stack(0x0000002e8b400000,0x0000002e8b500000)]

Other Threads:
  0x00000180f4c91740 VMThread "VM Thread" [stack: 0x0000002e8a900000,0x0000002e8aa00000] [id=21128]
  0x00000180df12bb00 GCTaskThread "GC Thread#0" [stack: 0x0000002e8a800000,0x0000002e8a900000] [id=20276]

Threads with active compile tasks:

VM state: not at safepoint (normal execution)

VM Mutex/Monitor currently owned by a thread:  ([mutex/lock_event])
[0x00000180df1114d0] Metaspace_lock - owner thread: 0x00000180df1160c0

Heap address: 0x00000000c0000000, size: 1024 MB, Compressed Oops mode: 32-bit

CDS archive(s) not mapped
Compressed class space mapped at: 0x0000000100000000-0x0000000140000000, reserved size: 1073741824
Narrow klass base: 0x0000000000000000, Narrow klass shift: 3, Narrow klass range: 0x140000000

GC Precious Log:
 CPUs: 12 total, 12 available
 Memory: 16238M
 Large Page Support: Disabled
 NUMA Support: Disabled
 Compressed Oops: Enabled (32-bit)
 Alignments: Space 512K, Generation 512K, Heap 2M
 Heap Min Capacity: 100M
 Heap Initial Capacity: 100M
 Heap Max Capacity: 1G
 Pre-touch: Disabled
 Parallel Workers: 10

Heap:
 PSYoungGen      total 29696K, used 6826K [0x00000000eab00000, 0x00000000ecc00000, 0x0000000100000000)
  eden space 25600K, 26% used [0x00000000eab00000,0x00000000eb1aaae0,0x00000000ec400000)
  from space 4096K, 0% used [0x00000000ec800000,0x00000000ec800000,0x00000000ecc00000)
  to   space 4096K, 0% used [0x00000000ec400000,0x00000000ec400000,0x00000000ec800000)
 ParOldGen       total 68608K, used 0K [0x00000000c0000000, 0x00000000c4300000, 0x00000000eab00000)
  object space 68608K, 0% used [0x00000000c0000000,0x00000000c0000000,0x00000000c4300000)
 Metaspace       used 6086K, committed 6144K, reserved 1056768K
  class space    used 598K, committed 640K, reserved 1048576K

Card table byte_map: [0x00000180deb00000,0x00000180ded10000] _byte_map_base: 0x00000180de500000

Marking Bits: (ParMarkBitMap*) 0x00007ff89eb52a60
 Begin Bits: [0x00000180f0da0000, 0x00000180f1da0000)
 End Bits:   [0x00000180f1da0000, 0x00000180f2da0000)

Polling page: 0x00000180de8f0000

Metaspace:

Usage:
  Non-class:      5.36 MB used.
      Class:    598.71 KB used.
       Both:      5.94 MB used.

Virtual space:
  Non-class space:        8.00 MB reserved,       5.38 MB ( 67%) committed,  1 nodes.
      Class space:        1.00 GB reserved,     640.00 KB ( <1%) committed,  1 nodes.
             Both:        1.01 GB reserved,       6.00 MB ( <1%) committed. 

Chunk freelists:
   Non-Class:  2.30 MB
       Class:  3.22 MB
        Both:  5.52 MB

MaxMetaspaceSize: unlimited
CompressedClassSpaceSize: 1.00 GB
Initial GC threshold: 21.00 MB
Current GC threshold: 21.00 MB
CDS: off
MetaspaceReclaimPolicy: balanced
 - commit_granule_bytes: 65536.
 - commit_granule_words: 8192.
 - virtual_space_node_default_size: 1048576.
 - enlarge_chunks_in_place: 1.
 - new_chunks_are_fully_committed: 0.
 - uncommit_free_chunks: 1.
 - use_allocation_guard: 0.
 - handle_deallocations: 1.


Internal statistics:

num_allocs_failed_limit: 0.
num_arena_births: 10.
num_arena_deaths: 0.
num_vsnodes_births: 2.
num_vsnodes_deaths: 0.
num_space_committed: 96.
num_space_uncommitted: 0.
num_chunks_returned_to_freelist: 0.
num_chunks_taken_from_freelist: 32.
num_chunk_merges: 0.
num_chunk_splits: 18.
num_chunks_enlarged: 16.
num_purges: 0.
num_inconsistent_stats: 0.

CodeHeap 'non-profiled nmethods': size=120000Kb used=99Kb max_used=99Kb free=119900Kb
 bounds [0x00000180e9870000, 0x00000180e9ae0000, 0x00000180f0da0000]
CodeHeap 'profiled nmethods': size=120000Kb used=420Kb max_used=420Kb free=119579Kb
 bounds [0x00000180e2340000, 0x00000180e25b0000, 0x00000180e9870000]
CodeHeap 'non-nmethods': size=5760Kb used=1095Kb max_used=1110Kb free=4664Kb
 bounds [0x00000180e1da0000, 0x00000180e2010000, 0x00000180e2340000]
 total_blobs=711 nmethods=338 adapters=288
 compilation: enabled
              stopped_count=0, restarted_count=0
 full_count=0

Compilation events (20 events):
Event: 0.754 Thread 0x00000180f4ce6d10 nmethod 324 0x00000180e239b390 code [0x00000180e239b5e0, 0x00000180e239bef8]
Event: 0.754 Thread 0x00000180f4ce6d10  325       3       java.lang.String::toLowerCase (29 bytes)
Event: 0.755 Thread 0x00000180f4ce6d10 nmethod 325 0x00000180e239c310 code [0x00000180e239c4e0, 0x00000180e239c798]
Event: 0.755 Thread 0x00000180f4ce6d10  326       3       java.lang.StringLatin1::toLowerCase (186 bytes)
Event: 0.756 Thread 0x00000180f4ce6d10 nmethod 326 0x00000180e239c890 code [0x00000180e239cb00, 0x00000180e239d5f8]
Event: 0.762 Thread 0x00000180f4ce6d10  327   !   3       java.nio.DirectIntBufferU::get (34 bytes)
Event: 0.763 Thread 0x00000180f4ce6d10 nmethod 327 0x00000180e239da10 code [0x00000180e239dc40, 0x00000180e239e458]
Event: 0.763 Thread 0x00000180f4ce6d10  329   !   3       jdk.internal.misc.ScopedMemoryAccess::getInt (20 bytes)
Event: 0.763 Thread 0x00000180f4ce6d10 nmethod 329 0x00000180e239e910 code [0x00000180e239eae0, 0x00000180e239ef58]
Event: 0.763 Thread 0x00000180f4ce6d10  328       3       java.nio.DirectIntBufferU::ix (10 bytes)
Event: 0.763 Thread 0x00000180f4ce6d10 nmethod 328 0x00000180e239f190 code [0x00000180e239f320, 0x00000180e239f438]
Event: 0.763 Thread 0x00000180f4ce6d10  330       3       jdk.internal.jimage.ImageStringsReader::hashCode (33 bytes)
Event: 0.763 Thread 0x00000180f4ce6d10 nmethod 330 0x00000180e239f510 code [0x00000180e239f6c0, 0x00000180e239f838]
Event: 0.765 Thread 0x00000180f4ce6d10  331       3       java.io.WinNTFileSystem::prefixLength (91 bytes)
Event: 0.766 Thread 0x00000180f4ce6d10 nmethod 331 0x00000180e239f910 code [0x00000180e239fc20, 0x00000180e23a0f98]
Event: 0.766 Thread 0x00000180f4ce6d10  332       3       java.lang.ClassLoader::getResource (41 bytes)
Event: 0.767 Thread 0x00000180f4ce6d10 nmethod 332 0x00000180e23a1690 code [0x00000180e23a1880, 0x00000180e23a1e78]
Event: 0.767 Thread 0x00000180f4ce6d10  333       3       java.io.FileSystem::hasBooleanAttributes (17 bytes)
Event: 0.767 Thread 0x00000180f4ce6d10 nmethod 333 0x00000180e23a2090 code [0x00000180e23a2240, 0x00000180e23a23e8]
Event: 0.767 Thread 0x00000180f4ce6d10  335   !   3       java.io.WinNTFileSystem::resolve (362 bytes)

GC Heap History (0 events):
No events

Deoptimization events (0 events):
No events

Classes unloaded (0 events):
No events

Classes redefined (0 events):
No events

Internal exceptions (2 events):
Event: 0.567 Thread 0x00000180df1160c0 Exception <a 'java/lang/NoSuchMethodError'{0x00000000eacb25c8}: 'void java.lang.invoke.DirectMethodHandle$Holder.invokeStatic(java.lang.Object, java.lang.Object, java.lang.Object)'> (0x00000000eacb25c8) 
thrown [e:\jenkins\tmp\workspace\build\src\src\hotspot\share\interpreter\linkResolver.cpp, line 766]
Event: 0.721 Thread 0x00000180df1160c0 Exception <a 'java/lang/reflect/InvocationTargetException'{0x00000000eaf67c08}> (0x00000000eaf67c08) 
thrown [e:\jenkins\tmp\workspace\build\src\src\hotspot\share\runtime\reflection.cpp, line 1121]

VM Operations (2 events):
Event: 0.572 Executing VM operation: HandshakeAllThreads
Event: 0.572 Executing VM operation: HandshakeAllThreads done

Events (20 events):
Event: 0.742 loading class java/util/regex/Pattern$TreeInfo
Event: 0.742 loading class java/util/regex/Pattern$TreeInfo done
Event: 0.742 loading class java/util/regex/Pattern$Curly
Event: 0.742 loading class java/util/regex/Pattern$Curly done
Event: 0.742 loading class java/util/regex/Pattern$Ques
Event: 0.742 loading class java/util/regex/Pattern$Ques done
Event: 0.742 loading class java/util/regex/Pattern$Loop
Event: 0.742 loading class java/util/regex/Pattern$Loop done
Event: 0.742 loading class java/util/regex/Pattern$Prolog
Event: 0.742 loading class java/util/regex/Pattern$Prolog done
Event: 0.742 loading class java/util/regex/Pattern$Dollar
Event: 0.742 loading class java/util/regex/Pattern$Dollar done
Event: 0.742 loading class java/util/regex/Pattern$GroupCurly
Event: 0.742 loading class java/util/regex/Pattern$GroupCurly done
Event: 0.757 loading class java/lang/AssertionError
Event: 0.757 loading class java/lang/AssertionError done
Event: 0.758 loading class java/util/Collections$SingletonSet
Event: 0.758 loading class java/util/Collections$SingletonSet done
Event: 0.758 loading class java/util/Collections$1
Event: 0.758 loading class java/util/Collections$1 done


Dynamic libraries:
0x00007ff78ae50000 - 0x00007ff78ae5e000 	c:\Users\erosg\.vscode\extensions\redhat.java-1.3.0\jre\17.0.1-win32-x86_64\bin\java.exe
0x00007ff9161f0000 - 0x00007ff9163e5000 	C:\WINDOWS\SYSTEM32\ntdll.dll
0x00007ff915170000 - 0x00007ff91522e000 	C:\WINDOWS\System32\KERNEL32.DLL
0x00007ff913f70000 - 0x00007ff914238000 	C:\WINDOWS\System32\KERNELBASE.dll
0x00007ff913e70000 - 0x00007ff913f70000 	C:\WINDOWS\System32\ucrtbase.dll
0x00007ff8ff380000 - 0x00007ff8ff399000 	c:\Users\erosg\.vscode\extensions\redhat.java-1.3.0\jre\17.0.1-win32-x86_64\bin\VCRUNTIME140.dll
0x00007ff8fe5d0000 - 0x00007ff8fe5e8000 	c:\Users\erosg\.vscode\extensions\redhat.java-1.3.0\jre\17.0.1-win32-x86_64\bin\jli.dll
0x00007ff914650000 - 0x00007ff9147f0000 	C:\WINDOWS\System32\USER32.dll
0x00007ff902890000 - 0x00007ff902b2a000 	C:\WINDOWS\WinSxS\amd64_microsoft.windows.common-controls_6595b64144ccf1df_6.0.19041.1110_none_60b5254171f9507e\COMCTL32.dll
0x00007ff913db0000 - 0x00007ff913dd2000 	C:\WINDOWS\System32\win32u.dll
0x00007ff914c70000 - 0x00007ff914d0e000 	C:\WINDOWS\System32\msvcrt.dll
0x00007ff915f00000 - 0x00007ff915f2b000 	C:\WINDOWS\System32\GDI32.dll
0x00007ff913970000 - 0x00007ff913a7d000 	C:\WINDOWS\System32\gdi32full.dll
0x00007ff913a80000 - 0x00007ff913b1d000 	C:\WINDOWS\System32\msvcp_win.dll
0x00007ff915230000 - 0x00007ff915260000 	C:\WINDOWS\System32\IMM32.DLL
0x00007ff90de00000 - 0x00007ff90de0c000 	c:\Users\erosg\.vscode\extensions\redhat.java-1.3.0\jre\17.0.1-win32-x86_64\bin\vcruntime140_1.dll
0x00007ff8bacc0000 - 0x00007ff8bad51000 	c:\Users\erosg\.vscode\extensions\redhat.java-1.3.0\jre\17.0.1-win32-x86_64\bin\msvcp140.dll
0x00007ff89dfd0000 - 0x00007ff89ec16000 	c:\Users\erosg\.vscode\extensions\redhat.java-1.3.0\jre\17.0.1-win32-x86_64\bin\server\jvm.dll
0x00007ff914e40000 - 0x00007ff914eee000 	C:\WINDOWS\System32\ADVAPI32.dll
0x00007ff916110000 - 0x00007ff9161ac000 	C:\WINDOWS\System32\sechost.dll
0x00007ff914d10000 - 0x00007ff914e35000 	C:\WINDOWS\System32\RPCRT4.dll
0x00007ff9152d0000 - 0x00007ff9152d8000 	C:\WINDOWS\System32\PSAPI.DLL
0x00007ff909a80000 - 0x00007ff909a8a000 	C:\WINDOWS\SYSTEM32\VERSION.dll
0x00007ff8ff240000 - 0x00007ff8ff267000 	C:\WINDOWS\SYSTEM32\WINMM.dll
0x00007ff8fd150000 - 0x00007ff8fd159000 	C:\WINDOWS\SYSTEM32\WSOCK32.dll
0x00007ff915e00000 - 0x00007ff915e6b000 	C:\WINDOWS\System32\WS2_32.dll
0x00007ff9121b0000 - 0x00007ff9121c2000 	C:\WINDOWS\SYSTEM32\kernel.appcore.dll
0x00007ff90b6d0000 - 0x00007ff90b6da000 	c:\Users\erosg\.vscode\extensions\redhat.java-1.3.0\jre\17.0.1-win32-x86_64\bin\jimage.dll
0x00007ff911eb0000 - 0x00007ff912094000 	C:\WINDOWS\SYSTEM32\DBGHELP.DLL
0x00007ff907e20000 - 0x00007ff907e4c000 	C:\WINDOWS\SYSTEM32\dbgcore.DLL
0x00007ff913de0000 - 0x00007ff913e62000 	C:\WINDOWS\System32\bcryptPrimitives.dll
0x00007ff9009e0000 - 0x00007ff9009ee000 	c:\Users\erosg\.vscode\extensions\redhat.java-1.3.0\jre\17.0.1-win32-x86_64\bin\instrument.dll
0x00007ff8f8280000 - 0x00007ff8f82a5000 	c:\Users\erosg\.vscode\extensions\redhat.java-1.3.0\jre\17.0.1-win32-x86_64\bin\java.dll
0x00007ff8fca50000 - 0x00007ff8fca68000 	c:\Users\erosg\.vscode\extensions\redhat.java-1.3.0\jre\17.0.1-win32-x86_64\bin\zip.dll
0x00007ff915340000 - 0x00007ff915a84000 	C:\WINDOWS\System32\SHELL32.dll
0x00007ff911640000 - 0x00007ff911dd4000 	C:\WINDOWS\SYSTEM32\windows.storage.dll
0x00007ff9142f0000 - 0x00007ff914645000 	C:\WINDOWS\System32\combase.dll
0x00007ff913350000 - 0x00007ff91337e000 	C:\WINDOWS\SYSTEM32\Wldp.dll
0x00007ff914240000 - 0x00007ff9142ed000 	C:\WINDOWS\System32\SHCORE.dll
0x00007ff915a90000 - 0x00007ff915ae5000 	C:\WINDOWS\System32\shlwapi.dll
0x00007ff913840000 - 0x00007ff91385f000 	C:\WINDOWS\SYSTEM32\profapi.dll
0x00007ff8f8130000 - 0x00007ff8f8149000 	C:\Users\erosg\.vscode\extensions\redhat.java-1.3.0\jre\17.0.1-win32-x86_64\bin\net.dll
0x00007ff907ed0000 - 0x00007ff907fdc000 	C:\WINDOWS\SYSTEM32\WINHTTP.dll
0x00007ff9130b0000 - 0x00007ff91311a000 	C:\WINDOWS\system32\mswsock.dll
0x00007ff8f8110000 - 0x00007ff8f8125000 	C:\Users\erosg\.vscode\extensions\redhat.java-1.3.0\jre\17.0.1-win32-x86_64\bin\nio.dll
0x00007ff9009b0000 - 0x00007ff9009c0000 	c:\Users\erosg\.vscode\extensions\redhat.java-1.3.0\jre\17.0.1-win32-x86_64\bin\verify.dll

dbghelp: loaded successfully - version: 4.0.5 - missing functions: none
symbol engine: initialized successfully - sym options: 0x614 - pdb path: .;c:\Users\erosg\.vscode\extensions\redhat.java-1.3.0\jre\17.0.1-win32-x86_64\bin;C:\WINDOWS\SYSTEM32;C:\WINDOWS\WinSxS\amd64_microsoft.windows.common-controls_6595b64144ccf1df_6.0.19041.1110_none_60b5254171f9507e;c:\Users\erosg\.vscode\extensions\redhat.java-1.3.0\jre\17.0.1-win32-x86_64\bin\server

VM Arguments:
jvm_args: --add-modules=ALL-SYSTEM --add-opens=java.base/java.util=ALL-UNNAMED --add-opens=java.base/java.lang=ALL-UNNAMED --add-opens=java.base/sun.nio.fs=ALL-UNNAMED -Declipse.application=org.eclipse.jdt.ls.core.id1 -Dosgi.bundles.defaultStartLevel=4 -Declipse.product=org.eclipse.jdt.ls.core.product -Djava.import.generatesMetadataFilesAtProjectRoot=false -Dfile.encoding=utf8 -DwatchParentProcess=false -XX:+UseParallelGC -XX:GCTimeRatio=4 -XX:AdaptiveSizePolicyWeight=90 -Dsun.zip.disableMemoryMapping=true -Xmx1G -Xms100m -javaagent:c:\Users\erosg\.vscode\extensions\gabrielbb.vscode-lombok-1.0.1\server\lombok.jar -XX:+HeapDumpOnOutOfMemoryError -XX:HeapDumpPath=c:\Users\erosg\AppData\Roaming\Code\User\workspaceStorage\f3a2a6303255aa17c9f66030785b2c36\redhat.java 
java_command: c:\Users\erosg\.vscode\extensions\redhat.java-1.3.0\server\plugins\org.eclipse.equinox.launcher_1.6.400.v20210924-0641.jar -configuration c:\Users\erosg\AppData\Roaming\Code\User\globalStorage\redhat.java\1.3.0\config_win -data c:\Users\erosg\AppData\Roaming\Code\User\workspaceStorage\f3a2a6303255aa17c9f66030785b2c36\redhat.java\jdt_ws
java_class_path (initial): c:\Users\erosg\.vscode\extensions\redhat.java-1.3.0\server\plugins\org.eclipse.equinox.launcher_1.6.400.v20210924-0641.jar
Launcher Type: SUN_STANDARD

[Global flags]
    uintx AdaptiveSizePolicyWeight                 = 90                                        {product} {command line}
     intx CICompilerCount                          = 4                                         {product} {ergonomic}
    uintx GCTimeRatio                              = 4                                         {product} {command line}
     bool HeapDumpOnOutOfMemoryError               = true                                   {manageable} {command line}
    ccstr HeapDumpPath                             = c:\Users\erosg\AppData\Roaming\Code\User\workspaceStorage\f3a2a6303255aa17c9f66030785b2c36\redhat.java         {manageable} {command line}
   size_t InitialHeapSize                          = 104857600                                 {product} {command line}
   size_t MaxHeapSize                              = 1073741824                                {product} {command line}
   size_t MaxNewSize                               = 357564416                                 {product} {ergonomic}
   size_t MinHeapDeltaBytes                        = 524288                                    {product} {ergonomic}
   size_t MinHeapSize                              = 104857600                                 {product} {command line}
   size_t NewSize                                  = 34603008                                  {product} {ergonomic}
    uintx NonNMethodCodeHeapSize                   = 5839372                                {pd product} {ergonomic}
    uintx NonProfiledCodeHeapSize                  = 122909434                              {pd product} {ergonomic}
   size_t OldSize                                  = 70254592                                  {product} {ergonomic}
    uintx ProfiledCodeHeapSize                     = 122909434                              {pd product} {ergonomic}
    uintx ReservedCodeCacheSize                    = 251658240                              {pd product} {ergonomic}
     bool SegmentedCodeCache                       = true                                      {product} {ergonomic}
   size_t SoftMaxHeapSize                          = 1073741824                             {manageable} {ergonomic}
     bool UseCompressedClassPointers               = true                           {product lp64_product} {ergonomic}
     bool UseCompressedOops                        = true                           {product lp64_product} {ergonomic}
     bool UseLargePagesIndividualAllocation        = false                                  {pd product} {ergonomic}
     bool UseParallelGC                            = true                                      {product} {command line}

Logging:
Log output configuration:
 #0: stdout all=warning uptime,level,tags
 #1: stderr all=off uptime,level,tags

Environment Variables:
JAVA_HOME=D:\Documentos\A1.UNIVERSIDAD\IW\JAVA\jdk-11
PATH=D:\Program Files (x86)\36;D:\Program Files (x86)\36\gbin;D:\Programas\Oracle\dbhomeXE\bin;C:\Program Files (x86)\Common Files\Intel\Shared Libraries\redist\intel64\compiler;D:\Documentos\A1.UNIVERSIDAD\IW\JAVA\jdk-11\bin;C:\Program Files (x86)\Common Files\Oracle\Java\javapath;C:\ProgramData\Oracle\Java\javapath;C:\Program Files (x86)\Intel\Intel(R) Management Engine Components\iCLS\;C:\Program Files\Intel\Intel(R) Management Engine Components\iCLS\;C:\Windows\system32;C:\Windows;C:\Windows\System32\Wbem;C:\Windows\System32\WindowsPowerShell\v1.0\;C:\Windows\System32\OpenSSH\;C:\Program Files (x86)\Intel\Intel(R) Management Engine Components\DAL;C:\Program Files\Intel\Intel(R) Management Engine Components\DAL;C:\Program Files\Intel\WiFi\bin\;C:\Program Files\Common Files\Intel\WirelessCommon\;C:\Program Files\dotnet\;C:\Program Files\NVIDIA Corporation\NVIDIA NvDLISR;C:\Program Files (x86)\NVIDIA Corporation\PhysX\Common;C:\WINDOWS\system32;C:\WINDOWS;C:\WINDOWS\System32\Wbem;C:\WINDOWS\System32\WindowsPowerShell\v1.0\;C:\WINDOWS\System32\OpenSSH\;D:\Programas\AutoFirma\AutoFirma;C:\Program Files\SourceGear\Common\DiffMerge\;D:\Programas\Putty\;D:\Documentos\A1.UNIVERSIDAD\IW\JAVA\apache-maven-3.8.4\bin;D:\Programas\NodeJS\;D:\Programas\Python\Scripts\;D:\Programas\Python\;C:\Users\erosg\AppData\Local\Microsoft\WindowsApps;D:\Programas\Microsoft VS Code\bin;D:\Documentos\A1.UNIVERSIDAD\IW\JAVA\jdk-11\bin;D:\Programas\ModelSim\win32pe_edu;D:\Programas\FC\EclipseARM\sourcery-g++-lite-arm-2011.03\bin;C:\Users\erosg\AppData\Local\GitHubDesktop\bin;D:\Documentos\A1.UNIVERSIDAD\IW\JAVA\apache-maven-3.8.4\bin;D:\Programas\JavaJDK;C:\Users\erosg\AppData\Roaming\npm
USERNAME=erosg
OS=Windows_NT
PROCESSOR_IDENTIFIER=Intel64 Family 6 Model 158 Stepping 10, GenuineIntel



---------------  S Y S T E M  ---------------

OS:
 Windows 10 , 64 bit Build 19041 (10.0.19041.1503)
OS uptime: 0 days 13:37 hours

CPU: total 12 (initial active 12) (6 cores per cpu, 2 threads per core) family 6 model 158 stepping 10 microcode 0xd2, cx8, cmov, fxsr, ht, mmx, 3dnowpref, sse, sse2, sse3, ssse3, sse4.1, sse4.2, popcnt, lzcnt, tsc, tscinvbit, avx, avx2, aes, erms, clmul, bmi1, bmi2, adx, fma, vzeroupper, clflush, clflushopt

Memory: 4k page, system-wide physical 16238M (4085M free)
TotalPageFile size 24430M (AvailPageFile size 200M)
current process WorkingSet (physical memory assigned to process): 38M, peak: 38M
current process commit charge ("private bytes"): 192M, peak: 192M

vm_info: OpenJDK 64-Bit Server VM (17.0.1+12) for windows-amd64 JRE (17.0.1+12), built on Oct 20 2021 07:42:55 by "" with MS VC++ 16.7 (VS2019)

END.
